This file contains any messages produced by compilers while
running configure, to aid debugging if configure makes a mistake.

It was created by configure, which was
generated by GNU Autoconf 2.69.  Invocation command line was

  $ ./configure --host=mips-linux --target=mips-linux --prefix=/home/lww/work/cig-code/enterprise-hgu/gpon/xijiang/fs/rootfs

## --------- ##
## Platform. ##
## --------- ##

hostname = LwwCodeVPC
uname -m = x86_64
uname -r = 4.13.0-36-generic
uname -s = Linux
uname -v = #40~16.04.1-Ubuntu SMP Fri Feb 16 23:25:58 UTC 2018

/usr/bin/uname -p = unknown
/bin/uname -X     = unknown

/bin/arch              = unknown
/usr/bin/arch -k       = unknown
/usr/convex/getsysinfo = unknown
/usr/bin/hostinfo      = unknown
/bin/machine           = unknown
/usr/bin/oslevel       = unknown
/bin/universe          = unknown

PATH: /home/lww/bin
PATH: /home/lww/.local/bin
PATH: /usr/local/sbin
PATH: /usr/local/bin
PATH: /usr/sbin
PATH: /usr/bin
PATH: /sbin
PATH: /bin
PATH: /usr/games
PATH: /usr/local/games
PATH: /opt/tools/rtl_9607Dbus/rsdk-4.8.5-5281-EB-3.18-u0.9.33-m32ut-150818p01_151020/bin
PATH: /opt/tools/rtl_9607Dbus/rsdk-4.8.5-5281-EB-3.18-u0.9.33-m32ut-150818p01_151020/bin
PATH: /opt/tools/rtl_9607Dbus/rsdk-4.8.5-5281-EB-3.18-u0.9.33-m32ut-150818p01_151020/bin


## ----------- ##
## Core tests. ##
## ----------- ##

configure:2401: checking for mips-linux-gcc
configure:2428: result: /opt/tools/rtl_9607Dbus/rsdk-4.8.5-5281-EB-3.18-u0.9.33-m32ut-150818p01_151020/bin/rsdk-linux-gcc
configure:2697: checking for C compiler version
configure:2706: /opt/tools/rtl_9607Dbus/rsdk-4.8.5-5281-EB-3.18-u0.9.33-m32ut-150818p01_151020/bin/rsdk-linux-gcc --version >&5
mips-linux-xgcc (Realtek RSDK-4.8.5p1 Build 2220) 4.8.5 20150209 (prerelease)
Copyright (C) 2013 Free Software Foundation, Inc.
This is free software; see the source for copying conditions.  There is NO
warranty; not even for MERCHANTABILITY or FITNESS FOR A PARTICULAR PURPOSE.

configure:2717: $? = 0
configure:2706: /opt/tools/rtl_9607Dbus/rsdk-4.8.5-5281-EB-3.18-u0.9.33-m32ut-150818p01_151020/bin/rsdk-linux-gcc -v >&5
Using built-in specs.
COLLECT_GCC=/opt/tools/rtl_9607Dbus/rsdk-4.8.5-5281-EB-3.18-u0.9.33-m32ut-150818p01_151020//bin/mips-linux-xgcc
COLLECT_LTO_WRAPPER=/opt/tools/rtl_9607Dbus/rsdk-4.8.5-5281-EB-3.18-u0.9.33-m32ut-150818p01_151020/bin/../libexec/gcc/mips-linux-uclibc/4.8.5/lto-wrapper
Target: mips-linux-uclibc
Configured with: Realtek SDK Builder release 4.8
Thread model: posix
gcc version 4.8.5 20150209 (prerelease) (Realtek RSDK-4.8.5p1 Build 2220) 
configure:2717: $? = 0
configure:2706: /opt/tools/rtl_9607Dbus/rsdk-4.8.5-5281-EB-3.18-u0.9.33-m32ut-150818p01_151020/bin/rsdk-linux-gcc -V >&5
mips-linux-xgcc: error: unrecognized command line option '-V'
mips-linux-xgcc: fatal error: no input files
compilation terminated.
configure:2717: $? = 1
configure:2706: /opt/tools/rtl_9607Dbus/rsdk-4.8.5-5281-EB-3.18-u0.9.33-m32ut-150818p01_151020/bin/rsdk-linux-gcc -qversion >&5
mips-linux-xgcc: error: unrecognized command line option '-qversion'
mips-linux-xgcc: fatal error: no input files
compilation terminated.
configure:2717: $? = 1
configure:2737: checking whether the C compiler works
configure:2759: /opt/tools/rtl_9607Dbus/rsdk-4.8.5-5281-EB-3.18-u0.9.33-m32ut-150818p01_151020/bin/rsdk-linux-gcc -Os -D__LINUX__ -D__MIPS__ -DCPU_RTL -D__APPLICATION__ -DSTT_UNDERLYING_OS=AR_LINUX -D_GNU_SOURCE -DSTDC_HEADERS=1 -DHAVE_SYS_TYPES_H=1 -DHAVE_SYS_STAT_H=1 -DHAVE_STDLIB_H=1 -DHAVE_STRING_H=1 -DHAVE_MEMORY_H=1 -DHAVE_STRINGS_H=1 -DHAVE_INTTYPES_H=1 -DHAVE_STDINT_H=1 -DHAVE_UNISTD_H=1 -DHAVE_DLFCN_H=1 -DRV_THREAD_TYPE=RV_THREAD_POSIX -DRV_LOCK_TYPE=RV_LOCK_POSIX -DTAPI_V3 -Wall -D_BIG_ENDIAN -D_BYTE_ORDER=_BIG_ENDIAN -Wno-unused -Wno-implicit   conftest.c  >&5
configure:2763: $? = 0
configure:2811: result: yes
configure:2814: checking for C compiler default output file name
configure:2816: result: a.out
configure:2822: checking for suffix of executables
configure:2829: /opt/tools/rtl_9607Dbus/rsdk-4.8.5-5281-EB-3.18-u0.9.33-m32ut-150818p01_151020/bin/rsdk-linux-gcc -o conftest -Os -D__LINUX__ -D__MIPS__ -DCPU_RTL -D__APPLICATION__ -DSTT_UNDERLYING_OS=AR_LINUX -D_GNU_SOURCE -DSTDC_HEADERS=1 -DHAVE_SYS_TYPES_H=1 -DHAVE_SYS_STAT_H=1 -DHAVE_STDLIB_H=1 -DHAVE_STRING_H=1 -DHAVE_MEMORY_H=1 -DHAVE_STRINGS_H=1 -DHAVE_INTTYPES_H=1 -DHAVE_STDINT_H=1 -DHAVE_UNISTD_H=1 -DHAVE_DLFCN_H=1 -DRV_THREAD_TYPE=RV_THREAD_POSIX -DRV_LOCK_TYPE=RV_LOCK_POSIX -DTAPI_V3 -Wall -D_BIG_ENDIAN -D_BYTE_ORDER=_BIG_ENDIAN -Wno-unused -Wno-implicit   conftest.c  >&5
configure:2833: $? = 0
configure:2855: result: 
configure:2877: checking whether we are cross compiling
configure:2885: /opt/tools/rtl_9607Dbus/rsdk-4.8.5-5281-EB-3.18-u0.9.33-m32ut-150818p01_151020/bin/rsdk-linux-gcc -o conftest -Os -D__LINUX__ -D__MIPS__ -DCPU_RTL -D__APPLICATION__ -DSTT_UNDERLYING_OS=AR_LINUX -D_GNU_SOURCE -DSTDC_HEADERS=1 -DHAVE_SYS_TYPES_H=1 -DHAVE_SYS_STAT_H=1 -DHAVE_STDLIB_H=1 -DHAVE_STRING_H=1 -DHAVE_MEMORY_H=1 -DHAVE_STRINGS_H=1 -DHAVE_INTTYPES_H=1 -DHAVE_STDINT_H=1 -DHAVE_UNISTD_H=1 -DHAVE_DLFCN_H=1 -DRV_THREAD_TYPE=RV_THREAD_POSIX -DRV_LOCK_TYPE=RV_LOCK_POSIX -DTAPI_V3 -Wall -D_BIG_ENDIAN -D_BYTE_ORDER=_BIG_ENDIAN -Wno-unused -Wno-implicit   conftest.c  >&5
configure:2889: $? = 0
configure:2896: ./conftest
/lib/ld-uClibc.so.0: No such file or directory
configure:2900: $? = 255
configure:2915: result: yes
configure:2920: checking for suffix of object files
configure:2942: /opt/tools/rtl_9607Dbus/rsdk-4.8.5-5281-EB-3.18-u0.9.33-m32ut-150818p01_151020/bin/rsdk-linux-gcc -c -Os -D__LINUX__ -D__MIPS__ -DCPU_RTL -D__APPLICATION__ -DSTT_UNDERLYING_OS=AR_LINUX -D_GNU_SOURCE -DSTDC_HEADERS=1 -DHAVE_SYS_TYPES_H=1 -DHAVE_SYS_STAT_H=1 -DHAVE_STDLIB_H=1 -DHAVE_STRING_H=1 -DHAVE_MEMORY_H=1 -DHAVE_STRINGS_H=1 -DHAVE_INTTYPES_H=1 -DHAVE_STDINT_H=1 -DHAVE_UNISTD_H=1 -DHAVE_DLFCN_H=1 -DRV_THREAD_TYPE=RV_THREAD_POSIX -DRV_LOCK_TYPE=RV_LOCK_POSIX -DTAPI_V3 -Wall -D_BIG_ENDIAN -D_BYTE_ORDER=_BIG_ENDIAN -Wno-unused -Wno-implicit  conftest.c >&5
configure:2946: $? = 0
configure:2967: result: o
configure:2971: checking whether we are using the GNU C compiler
configure:2990: /opt/tools/rtl_9607Dbus/rsdk-4.8.5-5281-EB-3.18-u0.9.33-m32ut-150818p01_151020/bin/rsdk-linux-gcc -c -Os -D__LINUX__ -D__MIPS__ -DCPU_RTL -D__APPLICATION__ -DSTT_UNDERLYING_OS=AR_LINUX -D_GNU_SOURCE -DSTDC_HEADERS=1 -DHAVE_SYS_TYPES_H=1 -DHAVE_SYS_STAT_H=1 -DHAVE_STDLIB_H=1 -DHAVE_STRING_H=1 -DHAVE_MEMORY_H=1 -DHAVE_STRINGS_H=1 -DHAVE_INTTYPES_H=1 -DHAVE_STDINT_H=1 -DHAVE_UNISTD_H=1 -DHAVE_DLFCN_H=1 -DRV_THREAD_TYPE=RV_THREAD_POSIX -DRV_LOCK_TYPE=RV_LOCK_POSIX -DTAPI_V3 -Wall -D_BIG_ENDIAN -D_BYTE_ORDER=_BIG_ENDIAN -Wno-unused -Wno-implicit  conftest.c >&5
configure:2990: $? = 0
configure:2999: result: yes
configure:3008: checking whether /opt/tools/rtl_9607Dbus/rsdk-4.8.5-5281-EB-3.18-u0.9.33-m32ut-150818p01_151020/bin/rsdk-linux-gcc accepts -g
configure:3028: /opt/tools/rtl_9607Dbus/rsdk-4.8.5-5281-EB-3.18-u0.9.33-m32ut-150818p01_151020/bin/rsdk-linux-gcc -c -g  conftest.c >&5
configure:3028: $? = 0
configure:3069: result: yes
configure:3086: checking for /opt/tools/rtl_9607Dbus/rsdk-4.8.5-5281-EB-3.18-u0.9.33-m32ut-150818p01_151020/bin/rsdk-linux-gcc option to accept ISO C89
configure:3149: /opt/tools/rtl_9607Dbus/rsdk-4.8.5-5281-EB-3.18-u0.9.33-m32ut-150818p01_151020/bin/rsdk-linux-gcc  -c -Os -D__LINUX__ -D__MIPS__ -DCPU_RTL -D__APPLICATION__ -DSTT_UNDERLYING_OS=AR_LINUX -D_GNU_SOURCE -DSTDC_HEADERS=1 -DHAVE_SYS_TYPES_H=1 -DHAVE_SYS_STAT_H=1 -DHAVE_STDLIB_H=1 -DHAVE_STRING_H=1 -DHAVE_MEMORY_H=1 -DHAVE_STRINGS_H=1 -DHAVE_INTTYPES_H=1 -DHAVE_STDINT_H=1 -DHAVE_UNISTD_H=1 -DHAVE_DLFCN_H=1 -DRV_THREAD_TYPE=RV_THREAD_POSIX -DRV_LOCK_TYPE=RV_LOCK_POSIX -DTAPI_V3 -Wall -D_BIG_ENDIAN -D_BYTE_ORDER=_BIG_ENDIAN -Wno-unused -Wno-implicit  conftest.c >&5
configure:3149: $? = 0
configure:3162: result: none needed
configure:3294: checking for C++ compiler version
configure:3303: /opt/tools/rtl_9607Dbus/rsdk-4.8.5-5281-EB-3.18-u0.9.33-m32ut-150818p01_151020/bin/rsdk-linux-g++ --version >&5
mips-linux-xg++ (Realtek RSDK-4.8.5p1 Build 2220) 4.8.5 20150209 (prerelease)
Copyright (C) 2013 Free Software Foundation, Inc.
This is free software; see the source for copying conditions.  There is NO
warranty; not even for MERCHANTABILITY or FITNESS FOR A PARTICULAR PURPOSE.

configure:3314: $? = 0
configure:3303: /opt/tools/rtl_9607Dbus/rsdk-4.8.5-5281-EB-3.18-u0.9.33-m32ut-150818p01_151020/bin/rsdk-linux-g++ -v >&5
Using built-in specs.
COLLECT_GCC=/opt/tools/rtl_9607Dbus/rsdk-4.8.5-5281-EB-3.18-u0.9.33-m32ut-150818p01_151020//bin/mips-linux-xg++
COLLECT_LTO_WRAPPER=/opt/tools/rtl_9607Dbus/rsdk-4.8.5-5281-EB-3.18-u0.9.33-m32ut-150818p01_151020/bin/../libexec/gcc/mips-linux-uclibc/4.8.5/lto-wrapper
Target: mips-linux-uclibc
Configured with: Realtek SDK Builder release 4.8
Thread model: posix
gcc version 4.8.5 20150209 (prerelease) (Realtek RSDK-4.8.5p1 Build 2220) 
configure:3314: $? = 0
configure:3303: /opt/tools/rtl_9607Dbus/rsdk-4.8.5-5281-EB-3.18-u0.9.33-m32ut-150818p01_151020/bin/rsdk-linux-g++ -V >&5
mips-linux-xg++: error: unrecognized command line option '-V'
mips-linux-xg++: fatal error: no input files
compilation terminated.
configure:3314: $? = 1
configure:3303: /opt/tools/rtl_9607Dbus/rsdk-4.8.5-5281-EB-3.18-u0.9.33-m32ut-150818p01_151020/bin/rsdk-linux-g++ -qversion >&5
mips-linux-xg++: error: unrecognized command line option '-qversion'
mips-linux-xg++: fatal error: no input files
compilation terminated.
configure:3314: $? = 1
configure:3318: checking whether we are using the GNU C++ compiler
configure:3337: /opt/tools/rtl_9607Dbus/rsdk-4.8.5-5281-EB-3.18-u0.9.33-m32ut-150818p01_151020/bin/rsdk-linux-g++ -c   conftest.cpp >&5
configure:3337: $? = 0
configure:3346: result: yes
configure:3355: checking whether /opt/tools/rtl_9607Dbus/rsdk-4.8.5-5281-EB-3.18-u0.9.33-m32ut-150818p01_151020/bin/rsdk-linux-g++ accepts -g
configure:3375: /opt/tools/rtl_9607Dbus/rsdk-4.8.5-5281-EB-3.18-u0.9.33-m32ut-150818p01_151020/bin/rsdk-linux-g++ -c -g  conftest.cpp >&5
configure:3375: $? = 0
configure:3416: result: yes
configure:3469: checking for a BSD-compatible install
configure:3537: result: /usr/bin/install -c
configure:3548: checking whether build environment is sane
configure:3603: result: yes
configure:3662: checking for mips-linux-strip
configure:3689: result: /opt/tools/rtl_9607Dbus/rsdk-4.8.5-5281-EB-3.18-u0.9.33-m32ut-150818p01_151020/bin/rsdk-linux-strip
configure:3754: checking for a thread-safe mkdir -p
configure:3793: result: /bin/mkdir -p
configure:3800: checking for gawk
configure:3816: found /usr/bin/gawk
configure:3827: result: gawk
configure:3838: checking whether make sets $(MAKE)
configure:3860: result: yes
configure:3890: checking for style of include used by make
configure:3918: result: GNU
configure:3952: checking whether make supports nested variables
configure:3969: result: yes
configure:4055: checking dependency style of /opt/tools/rtl_9607Dbus/rsdk-4.8.5-5281-EB-3.18-u0.9.33-m32ut-150818p01_151020/bin/rsdk-linux-gcc
configure:4166: result: gcc3
configure:4183: checking dependency style of /opt/tools/rtl_9607Dbus/rsdk-4.8.5-5281-EB-3.18-u0.9.33-m32ut-150818p01_151020/bin/rsdk-linux-g++
configure:4294: result: gcc3
configure:4313: checking whether to enable maintainer-specific portions of Makefiles
configure:4322: result: no
configure:4371: checking build system type
configure:4385: result: x86_64-unknown-linux-uclibc
configure:4405: checking host system type
configure:4418: result: mips-unknown-linux-gnu
configure:4459: checking how to print strings
configure:4486: result: printf
configure:4507: checking for a sed that does not truncate output
configure:4571: result: /usr/bin/sed
configure:4589: checking for grep that handles long lines and -e
configure:4647: result: /bin/grep
configure:4652: checking for egrep
configure:4714: result: /bin/grep -E
configure:4719: checking for fgrep
configure:4781: result: /bin/grep -F
configure:4816: checking for ld used by /opt/tools/rtl_9607Dbus/rsdk-4.8.5-5281-EB-3.18-u0.9.33-m32ut-150818p01_151020/bin/rsdk-linux-gcc
configure:4883: result: /opt/tools/rtl_9607Dbus/rsdk-4.8.5-5281-EB-3.18-u0.9.33-m32ut-150818p01_151020/bin/rsdk-linux-ld
configure:4890: checking if the linker (/opt/tools/rtl_9607Dbus/rsdk-4.8.5-5281-EB-3.18-u0.9.33-m32ut-150818p01_151020/bin/rsdk-linux-ld) is GNU ld
configure:4905: result: yes
configure:4917: checking for BSD- or MS-compatible name lister (nm)
configure:4966: result: /opt/tools/rtl_9607Dbus/rsdk-4.8.5-5281-EB-3.18-u0.9.33-m32ut-150818p01_151020/bin/rsdk-linux-nm
configure:5096: checking the name lister (/opt/tools/rtl_9607Dbus/rsdk-4.8.5-5281-EB-3.18-u0.9.33-m32ut-150818p01_151020/bin/rsdk-linux-nm) interface
configure:5103: /opt/tools/rtl_9607Dbus/rsdk-4.8.5-5281-EB-3.18-u0.9.33-m32ut-150818p01_151020/bin/rsdk-linux-gcc -c -Os -D__LINUX__ -D__MIPS__ -DCPU_RTL -D__APPLICATION__ -DSTT_UNDERLYING_OS=AR_LINUX -D_GNU_SOURCE -DSTDC_HEADERS=1 -DHAVE_SYS_TYPES_H=1 -DHAVE_SYS_STAT_H=1 -DHAVE_STDLIB_H=1 -DHAVE_STRING_H=1 -DHAVE_MEMORY_H=1 -DHAVE_STRINGS_H=1 -DHAVE_INTTYPES_H=1 -DHAVE_STDINT_H=1 -DHAVE_UNISTD_H=1 -DHAVE_DLFCN_H=1 -DRV_THREAD_TYPE=RV_THREAD_POSIX -DRV_LOCK_TYPE=RV_LOCK_POSIX -DTAPI_V3 -Wall -D_BIG_ENDIAN -D_BYTE_ORDER=_BIG_ENDIAN -Wno-unused -Wno-implicit  conftest.c >&5
configure:5106: /opt/tools/rtl_9607Dbus/rsdk-4.8.5-5281-EB-3.18-u0.9.33-m32ut-150818p01_151020/bin/rsdk-linux-nm "conftest.o"
configure:5109: output
00000000 B some_variable
configure:5116: result: BSD nm
configure:5119: checking whether ln -s works
configure:5123: result: yes
configure:5131: checking the maximum length of command line arguments
configure:5261: result: 3458764513820540925
configure:5278: checking whether the shell understands some XSI constructs
configure:5288: result: yes
configure:5292: checking whether the shell understands "+="
configure:5298: result: yes
configure:5333: checking how to convert x86_64-unknown-linux-uclibc file names to mips-unknown-linux-gnu format
configure:5373: result: func_convert_file_noop
configure:5380: checking how to convert x86_64-unknown-linux-uclibc file names to toolchain format
configure:5400: result: func_convert_file_noop
configure:5407: checking for /opt/tools/rtl_9607Dbus/rsdk-4.8.5-5281-EB-3.18-u0.9.33-m32ut-150818p01_151020/bin/rsdk-linux-ld option to reload object files
configure:5414: result: -r
configure:5448: checking for mips-linux-objdump
configure:5475: result: /opt/tools/rtl_9607Dbus/rsdk-4.8.5-5281-EB-3.18-u0.9.33-m32ut-150818p01_151020/bin/rsdk-linux-objdump
configure:5547: checking how to recognize dependent libraries
configure:5749: result: pass_all
configure:5794: checking for mips-linux-dlltool
configure:5824: result: no
configure:5834: checking for dlltool
configure:5864: result: no
configure:5894: checking how to associate runtime and link libraries
configure:5921: result: printf %s\n
configure:5938: checking for mips-linux-ar
configure:5965: result: /opt/tools/rtl_9607Dbus/rsdk-4.8.5-5281-EB-3.18-u0.9.33-m32ut-150818p01_151020/bin/rsdk-linux-ar
configure:6046: checking for archiver @FILE support
configure:6063: /opt/tools/rtl_9607Dbus/rsdk-4.8.5-5281-EB-3.18-u0.9.33-m32ut-150818p01_151020/bin/rsdk-linux-gcc -c -Os -D__LINUX__ -D__MIPS__ -DCPU_RTL -D__APPLICATION__ -DSTT_UNDERLYING_OS=AR_LINUX -D_GNU_SOURCE -DSTDC_HEADERS=1 -DHAVE_SYS_TYPES_H=1 -DHAVE_SYS_STAT_H=1 -DHAVE_STDLIB_H=1 -DHAVE_STRING_H=1 -DHAVE_MEMORY_H=1 -DHAVE_STRINGS_H=1 -DHAVE_INTTYPES_H=1 -DHAVE_STDINT_H=1 -DHAVE_UNISTD_H=1 -DHAVE_DLFCN_H=1 -DRV_THREAD_TYPE=RV_THREAD_POSIX -DRV_LOCK_TYPE=RV_LOCK_POSIX -DTAPI_V3 -Wall -D_BIG_ENDIAN -D_BYTE_ORDER=_BIG_ENDIAN -Wno-unused -Wno-implicit  conftest.c >&5
configure:6063: $? = 0
configure:6066: /opt/tools/rtl_9607Dbus/rsdk-4.8.5-5281-EB-3.18-u0.9.33-m32ut-150818p01_151020/bin/rsdk-linux-ar cru libconftest.a @conftest.lst >&5
configure:6069: $? = 0
configure:6074: /opt/tools/rtl_9607Dbus/rsdk-4.8.5-5281-EB-3.18-u0.9.33-m32ut-150818p01_151020/bin/rsdk-linux-ar cru libconftest.a @conftest.lst >&5
/opt/tools/rtl_9607Dbus/rsdk-4.8.5-5281-EB-3.18-u0.9.33-m32ut-150818p01_151020/bin/rsdk-linux-ar: conftest.o: No such file or directory
configure:6077: $? = 1
configure:6089: result: @
configure:6107: checking for mips-linux-strip
configure:6134: result: /opt/tools/rtl_9607Dbus/rsdk-4.8.5-5281-EB-3.18-u0.9.33-m32ut-150818p01_151020/bin/rsdk-linux-strip
configure:6206: checking for mips-linux-ranlib
configure:6233: result: /opt/tools/rtl_9607Dbus/rsdk-4.8.5-5281-EB-3.18-u0.9.33-m32ut-150818p01_151020/bin/rsdk-linux-ranlib
configure:6375: checking command to parse /opt/tools/rtl_9607Dbus/rsdk-4.8.5-5281-EB-3.18-u0.9.33-m32ut-150818p01_151020/bin/rsdk-linux-nm output from /opt/tools/rtl_9607Dbus/rsdk-4.8.5-5281-EB-3.18-u0.9.33-m32ut-150818p01_151020/bin/rsdk-linux-gcc object
configure:6495: /opt/tools/rtl_9607Dbus/rsdk-4.8.5-5281-EB-3.18-u0.9.33-m32ut-150818p01_151020/bin/rsdk-linux-gcc -c -Os -D__LINUX__ -D__MIPS__ -DCPU_RTL -D__APPLICATION__ -DSTT_UNDERLYING_OS=AR_LINUX -D_GNU_SOURCE -DSTDC_HEADERS=1 -DHAVE_SYS_TYPES_H=1 -DHAVE_SYS_STAT_H=1 -DHAVE_STDLIB_H=1 -DHAVE_STRING_H=1 -DHAVE_MEMORY_H=1 -DHAVE_STRINGS_H=1 -DHAVE_INTTYPES_H=1 -DHAVE_STDINT_H=1 -DHAVE_UNISTD_H=1 -DHAVE_DLFCN_H=1 -DRV_THREAD_TYPE=RV_THREAD_POSIX -DRV_LOCK_TYPE=RV_LOCK_POSIX -DTAPI_V3 -Wall -D_BIG_ENDIAN -D_BYTE_ORDER=_BIG_ENDIAN -Wno-unused -Wno-implicit  conftest.c >&5
configure:6498: $? = 0
configure:6502: /opt/tools/rtl_9607Dbus/rsdk-4.8.5-5281-EB-3.18-u0.9.33-m32ut-150818p01_151020/bin/rsdk-linux-nm conftest.o \| sed -n -e 's/^.*[ ]\([ABCDGIRSTW][ABCDGIRSTW]*\)[ ][ ]*\([_A-Za-z][_A-Za-z0-9]*\)$/\1 \2 \2/p' | sed '/ __gnu_lto/d' \> conftest.nm
configure:6505: $? = 0
configure:6571: /opt/tools/rtl_9607Dbus/rsdk-4.8.5-5281-EB-3.18-u0.9.33-m32ut-150818p01_151020/bin/rsdk-linux-gcc -o conftest -Os -D__LINUX__ -D__MIPS__ -DCPU_RTL -D__APPLICATION__ -DSTT_UNDERLYING_OS=AR_LINUX -D_GNU_SOURCE -DSTDC_HEADERS=1 -DHAVE_SYS_TYPES_H=1 -DHAVE_SYS_STAT_H=1 -DHAVE_STDLIB_H=1 -DHAVE_STRING_H=1 -DHAVE_MEMORY_H=1 -DHAVE_STRINGS_H=1 -DHAVE_INTTYPES_H=1 -DHAVE_STDINT_H=1 -DHAVE_UNISTD_H=1 -DHAVE_DLFCN_H=1 -DRV_THREAD_TYPE=RV_THREAD_POSIX -DRV_LOCK_TYPE=RV_LOCK_POSIX -DTAPI_V3 -Wall -D_BIG_ENDIAN -D_BYTE_ORDER=_BIG_ENDIAN -Wno-unused -Wno-implicit   conftest.c conftstm.o >&5
configure:6574: $? = 0
configure:6612: result: ok
configure:6649: checking for sysroot
configure:6679: result: no
configure:6895: checking for mips-linux-mt
configure:6925: result: no
configure:6935: checking for mt
configure:6951: found /bin/mt
configure:6962: result: mt
configure:6974: WARNING: using cross tools not prefixed with host triplet
configure:6985: checking if mt is a manifest tool
configure:6991: mt '-?'
configure:6999: result: no
configure:7641: checking how to run the C preprocessor
configure:7711: result: /opt/tools/rtl_9607Dbus/rsdk-4.8.5-5281-EB-3.18-u0.9.33-m32ut-150818p01_151020/bin/rsdk-linux-cpp
configure:7731: /opt/tools/rtl_9607Dbus/rsdk-4.8.5-5281-EB-3.18-u0.9.33-m32ut-150818p01_151020/bin/rsdk-linux-cpp  conftest.c
configure:7731: $? = 0
configure:7745: /opt/tools/rtl_9607Dbus/rsdk-4.8.5-5281-EB-3.18-u0.9.33-m32ut-150818p01_151020/bin/rsdk-linux-cpp  conftest.c
conftest.c:11:28: fatal error: ac_nonexistent.h: No such file or directory
 #include <ac_nonexistent.h>
                            ^
compilation terminated.
configure:7745: $? = 1
configure: failed program was:
| /* confdefs.h */
| #define PACKAGE_NAME ""
| #define PACKAGE_TARNAME ""
| #define PACKAGE_VERSION ""
| #define PACKAGE_STRING ""
| #define PACKAGE_BUGREPORT ""
| #define PACKAGE_URL ""
| #define PACKAGE "wifidog"
| #define VERSION "1.3.0"
| /* end confdefs.h.  */
| #include <ac_nonexistent.h>
configure:7774: checking for ANSI C header files
configure:7794: /opt/tools/rtl_9607Dbus/rsdk-4.8.5-5281-EB-3.18-u0.9.33-m32ut-150818p01_151020/bin/rsdk-linux-gcc -c -Os -D__LINUX__ -D__MIPS__ -DCPU_RTL -D__APPLICATION__ -DSTT_UNDERLYING_OS=AR_LINUX -D_GNU_SOURCE -DSTDC_HEADERS=1 -DHAVE_SYS_TYPES_H=1 -DHAVE_SYS_STAT_H=1 -DHAVE_STDLIB_H=1 -DHAVE_STRING_H=1 -DHAVE_MEMORY_H=1 -DHAVE_STRINGS_H=1 -DHAVE_INTTYPES_H=1 -DHAVE_STDINT_H=1 -DHAVE_UNISTD_H=1 -DHAVE_DLFCN_H=1 -DRV_THREAD_TYPE=RV_THREAD_POSIX -DRV_LOCK_TYPE=RV_LOCK_POSIX -DTAPI_V3 -Wall -D_BIG_ENDIAN -D_BYTE_ORDER=_BIG_ENDIAN -Wno-unused -Wno-implicit  conftest.c >&5
configure:7794: $? = 0
configure:7878: result: yes
configure:7891: checking for sys/types.h
configure:7891: /opt/tools/rtl_9607Dbus/rsdk-4.8.5-5281-EB-3.18-u0.9.33-m32ut-150818p01_151020/bin/rsdk-linux-gcc -c -Os -D__LINUX__ -D__MIPS__ -DCPU_RTL -D__APPLICATION__ -DSTT_UNDERLYING_OS=AR_LINUX -D_GNU_SOURCE -DSTDC_HEADERS=1 -DHAVE_SYS_TYPES_H=1 -DHAVE_SYS_STAT_H=1 -DHAVE_STDLIB_H=1 -DHAVE_STRING_H=1 -DHAVE_MEMORY_H=1 -DHAVE_STRINGS_H=1 -DHAVE_INTTYPES_H=1 -DHAVE_STDINT_H=1 -DHAVE_UNISTD_H=1 -DHAVE_DLFCN_H=1 -DRV_THREAD_TYPE=RV_THREAD_POSIX -DRV_LOCK_TYPE=RV_LOCK_POSIX -DTAPI_V3 -Wall -D_BIG_ENDIAN -D_BYTE_ORDER=_BIG_ENDIAN -Wno-unused -Wno-implicit  conftest.c >&5
configure:7891: $? = 0
configure:7891: result: yes
configure:7891: checking for sys/stat.h
configure:7891: /opt/tools/rtl_9607Dbus/rsdk-4.8.5-5281-EB-3.18-u0.9.33-m32ut-150818p01_151020/bin/rsdk-linux-gcc -c -Os -D__LINUX__ -D__MIPS__ -DCPU_RTL -D__APPLICATION__ -DSTT_UNDERLYING_OS=AR_LINUX -D_GNU_SOURCE -DSTDC_HEADERS=1 -DHAVE_SYS_TYPES_H=1 -DHAVE_SYS_STAT_H=1 -DHAVE_STDLIB_H=1 -DHAVE_STRING_H=1 -DHAVE_MEMORY_H=1 -DHAVE_STRINGS_H=1 -DHAVE_INTTYPES_H=1 -DHAVE_STDINT_H=1 -DHAVE_UNISTD_H=1 -DHAVE_DLFCN_H=1 -DRV_THREAD_TYPE=RV_THREAD_POSIX -DRV_LOCK_TYPE=RV_LOCK_POSIX -DTAPI_V3 -Wall -D_BIG_ENDIAN -D_BYTE_ORDER=_BIG_ENDIAN -Wno-unused -Wno-implicit  conftest.c >&5
configure:7891: $? = 0
configure:7891: result: yes
configure:7891: checking for stdlib.h
configure:7891: /opt/tools/rtl_9607Dbus/rsdk-4.8.5-5281-EB-3.18-u0.9.33-m32ut-150818p01_151020/bin/rsdk-linux-gcc -c -Os -D__LINUX__ -D__MIPS__ -DCPU_RTL -D__APPLICATION__ -DSTT_UNDERLYING_OS=AR_LINUX -D_GNU_SOURCE -DSTDC_HEADERS=1 -DHAVE_SYS_TYPES_H=1 -DHAVE_SYS_STAT_H=1 -DHAVE_STDLIB_H=1 -DHAVE_STRING_H=1 -DHAVE_MEMORY_H=1 -DHAVE_STRINGS_H=1 -DHAVE_INTTYPES_H=1 -DHAVE_STDINT_H=1 -DHAVE_UNISTD_H=1 -DHAVE_DLFCN_H=1 -DRV_THREAD_TYPE=RV_THREAD_POSIX -DRV_LOCK_TYPE=RV_LOCK_POSIX -DTAPI_V3 -Wall -D_BIG_ENDIAN -D_BYTE_ORDER=_BIG_ENDIAN -Wno-unused -Wno-implicit  conftest.c >&5
configure:7891: $? = 0
configure:7891: result: yes
configure:7891: checking for string.h
configure:7891: /opt/tools/rtl_9607Dbus/rsdk-4.8.5-5281-EB-3.18-u0.9.33-m32ut-150818p01_151020/bin/rsdk-linux-gcc -c -Os -D__LINUX__ -D__MIPS__ -DCPU_RTL -D__APPLICATION__ -DSTT_UNDERLYING_OS=AR_LINUX -D_GNU_SOURCE -DSTDC_HEADERS=1 -DHAVE_SYS_TYPES_H=1 -DHAVE_SYS_STAT_H=1 -DHAVE_STDLIB_H=1 -DHAVE_STRING_H=1 -DHAVE_MEMORY_H=1 -DHAVE_STRINGS_H=1 -DHAVE_INTTYPES_H=1 -DHAVE_STDINT_H=1 -DHAVE_UNISTD_H=1 -DHAVE_DLFCN_H=1 -DRV_THREAD_TYPE=RV_THREAD_POSIX -DRV_LOCK_TYPE=RV_LOCK_POSIX -DTAPI_V3 -Wall -D_BIG_ENDIAN -D_BYTE_ORDER=_BIG_ENDIAN -Wno-unused -Wno-implicit  conftest.c >&5
configure:7891: $? = 0
configure:7891: result: yes
configure:7891: checking for memory.h
configure:7891: /opt/tools/rtl_9607Dbus/rsdk-4.8.5-5281-EB-3.18-u0.9.33-m32ut-150818p01_151020/bin/rsdk-linux-gcc -c -Os -D__LINUX__ -D__MIPS__ -DCPU_RTL -D__APPLICATION__ -DSTT_UNDERLYING_OS=AR_LINUX -D_GNU_SOURCE -DSTDC_HEADERS=1 -DHAVE_SYS_TYPES_H=1 -DHAVE_SYS_STAT_H=1 -DHAVE_STDLIB_H=1 -DHAVE_STRING_H=1 -DHAVE_MEMORY_H=1 -DHAVE_STRINGS_H=1 -DHAVE_INTTYPES_H=1 -DHAVE_STDINT_H=1 -DHAVE_UNISTD_H=1 -DHAVE_DLFCN_H=1 -DRV_THREAD_TYPE=RV_THREAD_POSIX -DRV_LOCK_TYPE=RV_LOCK_POSIX -DTAPI_V3 -Wall -D_BIG_ENDIAN -D_BYTE_ORDER=_BIG_ENDIAN -Wno-unused -Wno-implicit  conftest.c >&5
configure:7891: $? = 0
configure:7891: result: yes
configure:7891: checking for strings.h
configure:7891: /opt/tools/rtl_9607Dbus/rsdk-4.8.5-5281-EB-3.18-u0.9.33-m32ut-150818p01_151020/bin/rsdk-linux-gcc -c -Os -D__LINUX__ -D__MIPS__ -DCPU_RTL -D__APPLICATION__ -DSTT_UNDERLYING_OS=AR_LINUX -D_GNU_SOURCE -DSTDC_HEADERS=1 -DHAVE_SYS_TYPES_H=1 -DHAVE_SYS_STAT_H=1 -DHAVE_STDLIB_H=1 -DHAVE_STRING_H=1 -DHAVE_MEMORY_H=1 -DHAVE_STRINGS_H=1 -DHAVE_INTTYPES_H=1 -DHAVE_STDINT_H=1 -DHAVE_UNISTD_H=1 -DHAVE_DLFCN_H=1 -DRV_THREAD_TYPE=RV_THREAD_POSIX -DRV_LOCK_TYPE=RV_LOCK_POSIX -DTAPI_V3 -Wall -D_BIG_ENDIAN -D_BYTE_ORDER=_BIG_ENDIAN -Wno-unused -Wno-implicit  conftest.c >&5
configure:7891: $? = 0
configure:7891: result: yes
configure:7891: checking for inttypes.h
configure:7891: /opt/tools/rtl_9607Dbus/rsdk-4.8.5-5281-EB-3.18-u0.9.33-m32ut-150818p01_151020/bin/rsdk-linux-gcc -c -Os -D__LINUX__ -D__MIPS__ -DCPU_RTL -D__APPLICATION__ -DSTT_UNDERLYING_OS=AR_LINUX -D_GNU_SOURCE -DSTDC_HEADERS=1 -DHAVE_SYS_TYPES_H=1 -DHAVE_SYS_STAT_H=1 -DHAVE_STDLIB_H=1 -DHAVE_STRING_H=1 -DHAVE_MEMORY_H=1 -DHAVE_STRINGS_H=1 -DHAVE_INTTYPES_H=1 -DHAVE_STDINT_H=1 -DHAVE_UNISTD_H=1 -DHAVE_DLFCN_H=1 -DRV_THREAD_TYPE=RV_THREAD_POSIX -DRV_LOCK_TYPE=RV_LOCK_POSIX -DTAPI_V3 -Wall -D_BIG_ENDIAN -D_BYTE_ORDER=_BIG_ENDIAN -Wno-unused -Wno-implicit  conftest.c >&5
configure:7891: $? = 0
configure:7891: result: yes
configure:7891: checking for stdint.h
configure:7891: /opt/tools/rtl_9607Dbus/rsdk-4.8.5-5281-EB-3.18-u0.9.33-m32ut-150818p01_151020/bin/rsdk-linux-gcc -c -Os -D__LINUX__ -D__MIPS__ -DCPU_RTL -D__APPLICATION__ -DSTT_UNDERLYING_OS=AR_LINUX -D_GNU_SOURCE -DSTDC_HEADERS=1 -DHAVE_SYS_TYPES_H=1 -DHAVE_SYS_STAT_H=1 -DHAVE_STDLIB_H=1 -DHAVE_STRING_H=1 -DHAVE_MEMORY_H=1 -DHAVE_STRINGS_H=1 -DHAVE_INTTYPES_H=1 -DHAVE_STDINT_H=1 -DHAVE_UNISTD_H=1 -DHAVE_DLFCN_H=1 -DRV_THREAD_TYPE=RV_THREAD_POSIX -DRV_LOCK_TYPE=RV_LOCK_POSIX -DTAPI_V3 -Wall -D_BIG_ENDIAN -D_BYTE_ORDER=_BIG_ENDIAN -Wno-unused -Wno-implicit  conftest.c >&5
configure:7891: $? = 0
configure:7891: result: yes
configure:7891: checking for unistd.h
configure:7891: /opt/tools/rtl_9607Dbus/rsdk-4.8.5-5281-EB-3.18-u0.9.33-m32ut-150818p01_151020/bin/rsdk-linux-gcc -c -Os -D__LINUX__ -D__MIPS__ -DCPU_RTL -D__APPLICATION__ -DSTT_UNDERLYING_OS=AR_LINUX -D_GNU_SOURCE -DSTDC_HEADERS=1 -DHAVE_SYS_TYPES_H=1 -DHAVE_SYS_STAT_H=1 -DHAVE_STDLIB_H=1 -DHAVE_STRING_H=1 -DHAVE_MEMORY_H=1 -DHAVE_STRINGS_H=1 -DHAVE_INTTYPES_H=1 -DHAVE_STDINT_H=1 -DHAVE_UNISTD_H=1 -DHAVE_DLFCN_H=1 -DRV_THREAD_TYPE=RV_THREAD_POSIX -DRV_LOCK_TYPE=RV_LOCK_POSIX -DTAPI_V3 -Wall -D_BIG_ENDIAN -D_BYTE_ORDER=_BIG_ENDIAN -Wno-unused -Wno-implicit  conftest.c >&5
configure:7891: $? = 0
configure:7891: result: yes
configure:7905: checking for dlfcn.h
configure:7905: /opt/tools/rtl_9607Dbus/rsdk-4.8.5-5281-EB-3.18-u0.9.33-m32ut-150818p01_151020/bin/rsdk-linux-gcc -c -Os -D__LINUX__ -D__MIPS__ -DCPU_RTL -D__APPLICATION__ -DSTT_UNDERLYING_OS=AR_LINUX -D_GNU_SOURCE -DSTDC_HEADERS=1 -DHAVE_SYS_TYPES_H=1 -DHAVE_SYS_STAT_H=1 -DHAVE_STDLIB_H=1 -DHAVE_STRING_H=1 -DHAVE_MEMORY_H=1 -DHAVE_STRINGS_H=1 -DHAVE_INTTYPES_H=1 -DHAVE_STDINT_H=1 -DHAVE_UNISTD_H=1 -DHAVE_DLFCN_H=1 -DRV_THREAD_TYPE=RV_THREAD_POSIX -DRV_LOCK_TYPE=RV_LOCK_POSIX -DTAPI_V3 -Wall -D_BIG_ENDIAN -D_BYTE_ORDER=_BIG_ENDIAN -Wno-unused -Wno-implicit  conftest.c >&5
configure:7905: $? = 0
configure:7905: result: yes
configure:8120: checking for objdir
configure:8135: result: .libs
configure:8402: checking if /opt/tools/rtl_9607Dbus/rsdk-4.8.5-5281-EB-3.18-u0.9.33-m32ut-150818p01_151020/bin/rsdk-linux-gcc supports -fno-rtti -fno-exceptions
configure:8420: /opt/tools/rtl_9607Dbus/rsdk-4.8.5-5281-EB-3.18-u0.9.33-m32ut-150818p01_151020/bin/rsdk-linux-gcc -c -Os -D__LINUX__ -D__MIPS__ -DCPU_RTL -D__APPLICATION__ -DSTT_UNDERLYING_OS=AR_LINUX -D_GNU_SOURCE -DSTDC_HEADERS=1 -DHAVE_SYS_TYPES_H=1 -DHAVE_SYS_STAT_H=1 -DHAVE_STDLIB_H=1 -DHAVE_STRING_H=1 -DHAVE_MEMORY_H=1 -DHAVE_STRINGS_H=1 -DHAVE_INTTYPES_H=1 -DHAVE_STDINT_H=1 -DHAVE_UNISTD_H=1 -DHAVE_DLFCN_H=1 -DRV_THREAD_TYPE=RV_THREAD_POSIX -DRV_LOCK_TYPE=RV_LOCK_POSIX -DTAPI_V3 -Wall -D_BIG_ENDIAN -D_BYTE_ORDER=_BIG_ENDIAN -Wno-unused -Wno-implicit  -fno-rtti -fno-exceptions conftest.c >&5
cc1: warning: command line option '-fno-rtti' is valid for C++/ObjC++ but not for C [enabled by default]
configure:8424: $? = 0
configure:8437: result: no
configure:8764: checking for /opt/tools/rtl_9607Dbus/rsdk-4.8.5-5281-EB-3.18-u0.9.33-m32ut-150818p01_151020/bin/rsdk-linux-gcc option to produce PIC
configure:8771: result: -fPIC -DPIC
configure:8779: checking if /opt/tools/rtl_9607Dbus/rsdk-4.8.5-5281-EB-3.18-u0.9.33-m32ut-150818p01_151020/bin/rsdk-linux-gcc PIC flag -fPIC -DPIC works
configure:8797: /opt/tools/rtl_9607Dbus/rsdk-4.8.5-5281-EB-3.18-u0.9.33-m32ut-150818p01_151020/bin/rsdk-linux-gcc -c -Os -D__LINUX__ -D__MIPS__ -DCPU_RTL -D__APPLICATION__ -DSTT_UNDERLYING_OS=AR_LINUX -D_GNU_SOURCE -DSTDC_HEADERS=1 -DHAVE_SYS_TYPES_H=1 -DHAVE_SYS_STAT_H=1 -DHAVE_STDLIB_H=1 -DHAVE_STRING_H=1 -DHAVE_MEMORY_H=1 -DHAVE_STRINGS_H=1 -DHAVE_INTTYPES_H=1 -DHAVE_STDINT_H=1 -DHAVE_UNISTD_H=1 -DHAVE_DLFCN_H=1 -DRV_THREAD_TYPE=RV_THREAD_POSIX -DRV_LOCK_TYPE=RV_LOCK_POSIX -DTAPI_V3 -Wall -D_BIG_ENDIAN -D_BYTE_ORDER=_BIG_ENDIAN -Wno-unused -Wno-implicit  -fPIC -DPIC -DPIC conftest.c >&5
configure:8801: $? = 0
configure:8814: result: yes
configure:8843: checking if /opt/tools/rtl_9607Dbus/rsdk-4.8.5-5281-EB-3.18-u0.9.33-m32ut-150818p01_151020/bin/rsdk-linux-gcc static flag -static works
configure:8871: result: yes
configure:8886: checking if /opt/tools/rtl_9607Dbus/rsdk-4.8.5-5281-EB-3.18-u0.9.33-m32ut-150818p01_151020/bin/rsdk-linux-gcc supports -c -o file.o
configure:8907: /opt/tools/rtl_9607Dbus/rsdk-4.8.5-5281-EB-3.18-u0.9.33-m32ut-150818p01_151020/bin/rsdk-linux-gcc -c -Os -D__LINUX__ -D__MIPS__ -DCPU_RTL -D__APPLICATION__ -DSTT_UNDERLYING_OS=AR_LINUX -D_GNU_SOURCE -DSTDC_HEADERS=1 -DHAVE_SYS_TYPES_H=1 -DHAVE_SYS_STAT_H=1 -DHAVE_STDLIB_H=1 -DHAVE_STRING_H=1 -DHAVE_MEMORY_H=1 -DHAVE_STRINGS_H=1 -DHAVE_INTTYPES_H=1 -DHAVE_STDINT_H=1 -DHAVE_UNISTD_H=1 -DHAVE_DLFCN_H=1 -DRV_THREAD_TYPE=RV_THREAD_POSIX -DRV_LOCK_TYPE=RV_LOCK_POSIX -DTAPI_V3 -Wall -D_BIG_ENDIAN -D_BYTE_ORDER=_BIG_ENDIAN -Wno-unused -Wno-implicit  -o out/conftest2.o conftest.c >&5
configure:8911: $? = 0
configure:8933: result: yes
configure:8941: checking if /opt/tools/rtl_9607Dbus/rsdk-4.8.5-5281-EB-3.18-u0.9.33-m32ut-150818p01_151020/bin/rsdk-linux-gcc supports -c -o file.o
configure:8988: result: yes
configure:9021: checking whether the /opt/tools/rtl_9607Dbus/rsdk-4.8.5-5281-EB-3.18-u0.9.33-m32ut-150818p01_151020/bin/rsdk-linux-gcc linker (/opt/tools/rtl_9607Dbus/rsdk-4.8.5-5281-EB-3.18-u0.9.33-m32ut-150818p01_151020/bin/rsdk-linux-ld) supports shared libraries
configure:10174: result: yes
configure:10211: checking whether -lc should be explicitly linked in
configure:10219: /opt/tools/rtl_9607Dbus/rsdk-4.8.5-5281-EB-3.18-u0.9.33-m32ut-150818p01_151020/bin/rsdk-linux-gcc -c -Os -D__LINUX__ -D__MIPS__ -DCPU_RTL -D__APPLICATION__ -DSTT_UNDERLYING_OS=AR_LINUX -D_GNU_SOURCE -DSTDC_HEADERS=1 -DHAVE_SYS_TYPES_H=1 -DHAVE_SYS_STAT_H=1 -DHAVE_STDLIB_H=1 -DHAVE_STRING_H=1 -DHAVE_MEMORY_H=1 -DHAVE_STRINGS_H=1 -DHAVE_INTTYPES_H=1 -DHAVE_STDINT_H=1 -DHAVE_UNISTD_H=1 -DHAVE_DLFCN_H=1 -DRV_THREAD_TYPE=RV_THREAD_POSIX -DRV_LOCK_TYPE=RV_LOCK_POSIX -DTAPI_V3 -Wall -D_BIG_ENDIAN -D_BYTE_ORDER=_BIG_ENDIAN -Wno-unused -Wno-implicit  conftest.c >&5
configure:10222: $? = 0
configure:10237: /opt/tools/rtl_9607Dbus/rsdk-4.8.5-5281-EB-3.18-u0.9.33-m32ut-150818p01_151020/bin/rsdk-linux-gcc -shared  -fPIC -DPIC conftest.o  -v -Wl,-soname -Wl,conftest -o conftest 2\>\&1 \| /bin/grep  -lc  \>/dev/null 2\>\&1
configure:10240: $? = 0
configure:10254: result: no
configure:10414: checking dynamic linker characteristics
configure:10925: /opt/tools/rtl_9607Dbus/rsdk-4.8.5-5281-EB-3.18-u0.9.33-m32ut-150818p01_151020/bin/rsdk-linux-gcc -o conftest -Os -D__LINUX__ -D__MIPS__ -DCPU_RTL -D__APPLICATION__ -DSTT_UNDERLYING_OS=AR_LINUX -D_GNU_SOURCE -DSTDC_HEADERS=1 -DHAVE_SYS_TYPES_H=1 -DHAVE_SYS_STAT_H=1 -DHAVE_STDLIB_H=1 -DHAVE_STRING_H=1 -DHAVE_MEMORY_H=1 -DHAVE_STRINGS_H=1 -DHAVE_INTTYPES_H=1 -DHAVE_STDINT_H=1 -DHAVE_UNISTD_H=1 -DHAVE_DLFCN_H=1 -DRV_THREAD_TYPE=RV_THREAD_POSIX -DRV_LOCK_TYPE=RV_LOCK_POSIX -DTAPI_V3 -Wall -D_BIG_ENDIAN -D_BYTE_ORDER=_BIG_ENDIAN -Wno-unused -Wno-implicit   -Wl,-rpath -Wl,/foo conftest.c  >&5
configure:10925: $? = 0
configure:11151: result: GNU/Linux ld.so
configure:11258: checking how to hardcode library paths into programs
configure:11283: result: immediate
configure:11377: checking for shl_load
configure:11377: /opt/tools/rtl_9607Dbus/rsdk-4.8.5-5281-EB-3.18-u0.9.33-m32ut-150818p01_151020/bin/rsdk-linux-gcc -o conftest -Os -D__LINUX__ -D__MIPS__ -DCPU_RTL -D__APPLICATION__ -DSTT_UNDERLYING_OS=AR_LINUX -D_GNU_SOURCE -DSTDC_HEADERS=1 -DHAVE_SYS_TYPES_H=1 -DHAVE_SYS_STAT_H=1 -DHAVE_STDLIB_H=1 -DHAVE_STRING_H=1 -DHAVE_MEMORY_H=1 -DHAVE_STRINGS_H=1 -DHAVE_INTTYPES_H=1 -DHAVE_STDINT_H=1 -DHAVE_UNISTD_H=1 -DHAVE_DLFCN_H=1 -DRV_THREAD_TYPE=RV_THREAD_POSIX -DRV_LOCK_TYPE=RV_LOCK_POSIX -DTAPI_V3 -Wall -D_BIG_ENDIAN -D_BYTE_ORDER=_BIG_ENDIAN -Wno-unused -Wno-implicit   conftest.c  >&5
/tmp/ccuve6Q6.o: In function `main':
conftest.c:(.text.startup+0x8): undefined reference to `shl_load'
collect2: error: ld returned 1 exit status
configure:11377: $? = 1
configure: failed program was:
| /* confdefs.h */
| #define PACKAGE_NAME ""
| #define PACKAGE_TARNAME ""
| #define PACKAGE_VERSION ""
| #define PACKAGE_STRING ""
| #define PACKAGE_BUGREPORT ""
| #define PACKAGE_URL ""
| #define PACKAGE "wifidog"
| #define VERSION "1.3.0"
| #define STDC_HEADERS 1
| #define HAVE_SYS_TYPES_H 1
| #define HAVE_SYS_STAT_H 1
| #define HAVE_STDLIB_H 1
| #define HAVE_STRING_H 1
| #define HAVE_MEMORY_H 1
| #define HAVE_STRINGS_H 1
| #define HAVE_INTTYPES_H 1
| #define HAVE_STDINT_H 1
| #define HAVE_UNISTD_H 1
| #define HAVE_DLFCN_H 1
| #define LT_OBJDIR ".libs/"
| /* end confdefs.h.  */
| /* Define shl_load to an innocuous variant, in case <limits.h> declares shl_load.
|    For example, HP-UX 11i <limits.h> declares gettimeofday.  */
| #define shl_load innocuous_shl_load
| 
| /* System header to define __stub macros and hopefully few prototypes,
|     which can conflict with char shl_load (); below.
|     Prefer <limits.h> to <assert.h> if __STDC__ is defined, since
|     <limits.h> exists even on freestanding compilers.  */
| 
| #ifdef __STDC__
| # include <limits.h>
| #else
| # include <assert.h>
| #endif
| 
| #undef shl_load
| 
| /* Override any GCC internal prototype to avoid an error.
|    Use char because int might match the return type of a GCC
|    builtin and then its argument prototype would still apply.  */
| #ifdef __cplusplus
| extern "C"
| #endif
| char shl_load ();
| /* The GNU C library defines this for functions which it implements
|     to always fail with ENOSYS.  Some functions are actually named
|     something starting with __ and the normal name is an alias.  */
| #if defined __stub_shl_load || defined __stub___shl_load
| choke me
| #endif
| 
| int
| main ()
| {
| return shl_load ();
|   ;
|   return 0;
| }
configure:11377: result: no
configure:11381: checking for shl_load in -ldld
configure:11406: /opt/tools/rtl_9607Dbus/rsdk-4.8.5-5281-EB-3.18-u0.9.33-m32ut-150818p01_151020/bin/rsdk-linux-gcc -o conftest -Os -D__LINUX__ -D__MIPS__ -DCPU_RTL -D__APPLICATION__ -DSTT_UNDERLYING_OS=AR_LINUX -D_GNU_SOURCE -DSTDC_HEADERS=1 -DHAVE_SYS_TYPES_H=1 -DHAVE_SYS_STAT_H=1 -DHAVE_STDLIB_H=1 -DHAVE_STRING_H=1 -DHAVE_MEMORY_H=1 -DHAVE_STRINGS_H=1 -DHAVE_INTTYPES_H=1 -DHAVE_STDINT_H=1 -DHAVE_UNISTD_H=1 -DHAVE_DLFCN_H=1 -DRV_THREAD_TYPE=RV_THREAD_POSIX -DRV_LOCK_TYPE=RV_LOCK_POSIX -DTAPI_V3 -Wall -D_BIG_ENDIAN -D_BYTE_ORDER=_BIG_ENDIAN -Wno-unused -Wno-implicit   conftest.c -ldld   >&5
/opt/tools/rtl_9607Dbus/rsdk-4.8.5-5281-EB-3.18-u0.9.33-m32ut-150818p01_151020/bin/../lib/gcc/mips-linux-uclibc/4.8.5/../../../../mips-linux-uclibc/bin/ld: cannot find -ldld
collect2: error: ld returned 1 exit status
configure:11406: $? = 1
configure: failed program was:
| /* confdefs.h */
| #define PACKAGE_NAME ""
| #define PACKAGE_TARNAME ""
| #define PACKAGE_VERSION ""
| #define PACKAGE_STRING ""
| #define PACKAGE_BUGREPORT ""
| #define PACKAGE_URL ""
| #define PACKAGE "wifidog"
| #define VERSION "1.3.0"
| #define STDC_HEADERS 1
| #define HAVE_SYS_TYPES_H 1
| #define HAVE_SYS_STAT_H 1
| #define HAVE_STDLIB_H 1
| #define HAVE_STRING_H 1
| #define HAVE_MEMORY_H 1
| #define HAVE_STRINGS_H 1
| #define HAVE_INTTYPES_H 1
| #define HAVE_STDINT_H 1
| #define HAVE_UNISTD_H 1
| #define HAVE_DLFCN_H 1
| #define LT_OBJDIR ".libs/"
| /* end confdefs.h.  */
| 
| /* Override any GCC internal prototype to avoid an error.
|    Use char because int might match the return type of a GCC
|    builtin and then its argument prototype would still apply.  */
| #ifdef __cplusplus
| extern "C"
| #endif
| char shl_load ();
| int
| main ()
| {
| return shl_load ();
|   ;
|   return 0;
| }
configure:11415: result: no
configure:11420: checking for dlopen
configure:11420: /opt/tools/rtl_9607Dbus/rsdk-4.8.5-5281-EB-3.18-u0.9.33-m32ut-150818p01_151020/bin/rsdk-linux-gcc -o conftest -Os -D__LINUX__ -D__MIPS__ -DCPU_RTL -D__APPLICATION__ -DSTT_UNDERLYING_OS=AR_LINUX -D_GNU_SOURCE -DSTDC_HEADERS=1 -DHAVE_SYS_TYPES_H=1 -DHAVE_SYS_STAT_H=1 -DHAVE_STDLIB_H=1 -DHAVE_STRING_H=1 -DHAVE_MEMORY_H=1 -DHAVE_STRINGS_H=1 -DHAVE_INTTYPES_H=1 -DHAVE_STDINT_H=1 -DHAVE_UNISTD_H=1 -DHAVE_DLFCN_H=1 -DRV_THREAD_TYPE=RV_THREAD_POSIX -DRV_LOCK_TYPE=RV_LOCK_POSIX -DTAPI_V3 -Wall -D_BIG_ENDIAN -D_BYTE_ORDER=_BIG_ENDIAN -Wno-unused -Wno-implicit   conftest.c  >&5
/opt/tools/rtl_9607Dbus/rsdk-4.8.5-5281-EB-3.18-u0.9.33-m32ut-150818p01_151020/bin/../lib/gcc/mips-linux-uclibc/4.8.5/../../../../mips-linux-uclibc/bin/ld: /tmp/cciPSLRl.o: undefined reference to symbol 'dlopen'
/opt/tools/rtl_9607Dbus/rsdk-4.8.5-5281-EB-3.18-u0.9.33-m32ut-150818p01_151020//lib/libdl.so.0: error adding symbols: DSO missing from command line
collect2: error: ld returned 1 exit status
configure:11420: $? = 1
configure: failed program was:
| /* confdefs.h */
| #define PACKAGE_NAME ""
| #define PACKAGE_TARNAME ""
| #define PACKAGE_VERSION ""
| #define PACKAGE_STRING ""
| #define PACKAGE_BUGREPORT ""
| #define PACKAGE_URL ""
| #define PACKAGE "wifidog"
| #define VERSION "1.3.0"
| #define STDC_HEADERS 1
| #define HAVE_SYS_TYPES_H 1
| #define HAVE_SYS_STAT_H 1
| #define HAVE_STDLIB_H 1
| #define HAVE_STRING_H 1
| #define HAVE_MEMORY_H 1
| #define HAVE_STRINGS_H 1
| #define HAVE_INTTYPES_H 1
| #define HAVE_STDINT_H 1
| #define HAVE_UNISTD_H 1
| #define HAVE_DLFCN_H 1
| #define LT_OBJDIR ".libs/"
| /* end confdefs.h.  */
| /* Define dlopen to an innocuous variant, in case <limits.h> declares dlopen.
|    For example, HP-UX 11i <limits.h> declares gettimeofday.  */
| #define dlopen innocuous_dlopen
| 
| /* System header to define __stub macros and hopefully few prototypes,
|     which can conflict with char dlopen (); below.
|     Prefer <limits.h> to <assert.h> if __STDC__ is defined, since
|     <limits.h> exists even on freestanding compilers.  */
| 
| #ifdef __STDC__
| # include <limits.h>
| #else
| # include <assert.h>
| #endif
| 
| #undef dlopen
| 
| /* Override any GCC internal prototype to avoid an error.
|    Use char because int might match the return type of a GCC
|    builtin and then its argument prototype would still apply.  */
| #ifdef __cplusplus
| extern "C"
| #endif
| char dlopen ();
| /* The GNU C library defines this for functions which it implements
|     to always fail with ENOSYS.  Some functions are actually named
|     something starting with __ and the normal name is an alias.  */
| #if defined __stub_dlopen || defined __stub___dlopen
| choke me
| #endif
| 
| int
| main ()
| {
| return dlopen ();
|   ;
|   return 0;
| }
configure:11420: result: no
configure:11424: checking for dlopen in -ldl
configure:11449: /opt/tools/rtl_9607Dbus/rsdk-4.8.5-5281-EB-3.18-u0.9.33-m32ut-150818p01_151020/bin/rsdk-linux-gcc -o conftest -Os -D__LINUX__ -D__MIPS__ -DCPU_RTL -D__APPLICATION__ -DSTT_UNDERLYING_OS=AR_LINUX -D_GNU_SOURCE -DSTDC_HEADERS=1 -DHAVE_SYS_TYPES_H=1 -DHAVE_SYS_STAT_H=1 -DHAVE_STDLIB_H=1 -DHAVE_STRING_H=1 -DHAVE_MEMORY_H=1 -DHAVE_STRINGS_H=1 -DHAVE_INTTYPES_H=1 -DHAVE_STDINT_H=1 -DHAVE_UNISTD_H=1 -DHAVE_DLFCN_H=1 -DRV_THREAD_TYPE=RV_THREAD_POSIX -DRV_LOCK_TYPE=RV_LOCK_POSIX -DTAPI_V3 -Wall -D_BIG_ENDIAN -D_BYTE_ORDER=_BIG_ENDIAN -Wno-unused -Wno-implicit   conftest.c -ldl   >&5
configure:11449: $? = 0
configure:11458: result: yes
configure:11577: checking whether a program can dlopen itself
configure:11678: result: cross
configure:11823: checking whether stripping libraries is possible
configure:11828: result: yes
configure:11863: checking if libtool supports shared libraries
configure:11865: result: yes
configure:11868: checking whether to build shared libraries
configure:11889: result: yes
configure:11892: checking whether to build static libraries
configure:11896: result: yes
configure:11919: checking how to run the C++ preprocessor
configure:11946: /opt/tools/rtl_9607Dbus/rsdk-4.8.5-5281-EB-3.18-u0.9.33-m32ut-150818p01_151020/bin/rsdk-linux-g++ -E  conftest.cpp
configure:11946: $? = 0
configure:11960: /opt/tools/rtl_9607Dbus/rsdk-4.8.5-5281-EB-3.18-u0.9.33-m32ut-150818p01_151020/bin/rsdk-linux-g++ -E  conftest.cpp
conftest.cpp:23:28: fatal error: ac_nonexistent.h: No such file or directory
 #include <ac_nonexistent.h>
                            ^
compilation terminated.
configure:11960: $? = 1
configure: failed program was:
| /* confdefs.h */
| #define PACKAGE_NAME ""
| #define PACKAGE_TARNAME ""
| #define PACKAGE_VERSION ""
| #define PACKAGE_STRING ""
| #define PACKAGE_BUGREPORT ""
| #define PACKAGE_URL ""
| #define PACKAGE "wifidog"
| #define VERSION "1.3.0"
| #define STDC_HEADERS 1
| #define HAVE_SYS_TYPES_H 1
| #define HAVE_SYS_STAT_H 1
| #define HAVE_STDLIB_H 1
| #define HAVE_STRING_H 1
| #define HAVE_MEMORY_H 1
| #define HAVE_STRINGS_H 1
| #define HAVE_INTTYPES_H 1
| #define HAVE_STDINT_H 1
| #define HAVE_UNISTD_H 1
| #define HAVE_DLFCN_H 1
| #define LT_OBJDIR ".libs/"
| /* end confdefs.h.  */
| #include <ac_nonexistent.h>
configure:11985: result: /opt/tools/rtl_9607Dbus/rsdk-4.8.5-5281-EB-3.18-u0.9.33-m32ut-150818p01_151020/bin/rsdk-linux-g++ -E
configure:12005: /opt/tools/rtl_9607Dbus/rsdk-4.8.5-5281-EB-3.18-u0.9.33-m32ut-150818p01_151020/bin/rsdk-linux-g++ -E  conftest.cpp
configure:12005: $? = 0
configure:12019: /opt/tools/rtl_9607Dbus/rsdk-4.8.5-5281-EB-3.18-u0.9.33-m32ut-150818p01_151020/bin/rsdk-linux-g++ -E  conftest.cpp
conftest.cpp:23:28: fatal error: ac_nonexistent.h: No such file or directory
 #include <ac_nonexistent.h>
                            ^
compilation terminated.
configure:12019: $? = 1
configure: failed program was:
| /* confdefs.h */
| #define PACKAGE_NAME ""
| #define PACKAGE_TARNAME ""
| #define PACKAGE_VERSION ""
| #define PACKAGE_STRING ""
| #define PACKAGE_BUGREPORT ""
| #define PACKAGE_URL ""
| #define PACKAGE "wifidog"
| #define VERSION "1.3.0"
| #define STDC_HEADERS 1
| #define HAVE_SYS_TYPES_H 1
| #define HAVE_SYS_STAT_H 1
| #define HAVE_STDLIB_H 1
| #define HAVE_STRING_H 1
| #define HAVE_MEMORY_H 1
| #define HAVE_STRINGS_H 1
| #define HAVE_INTTYPES_H 1
| #define HAVE_STDINT_H 1
| #define HAVE_UNISTD_H 1
| #define HAVE_DLFCN_H 1
| #define LT_OBJDIR ".libs/"
| /* end confdefs.h.  */
| #include <ac_nonexistent.h>
configure:12188: checking for ld used by /opt/tools/rtl_9607Dbus/rsdk-4.8.5-5281-EB-3.18-u0.9.33-m32ut-150818p01_151020/bin/rsdk-linux-g++
configure:12255: result: /opt/tools/rtl_9607Dbus/rsdk-4.8.5-5281-EB-3.18-u0.9.33-m32ut-150818p01_151020/bin/rsdk-linux-ld
configure:12262: checking if the linker (/opt/tools/rtl_9607Dbus/rsdk-4.8.5-5281-EB-3.18-u0.9.33-m32ut-150818p01_151020/bin/rsdk-linux-ld) is GNU ld
configure:12277: result: yes
configure:12332: checking whether the /opt/tools/rtl_9607Dbus/rsdk-4.8.5-5281-EB-3.18-u0.9.33-m32ut-150818p01_151020/bin/rsdk-linux-g++ linker (/opt/tools/rtl_9607Dbus/rsdk-4.8.5-5281-EB-3.18-u0.9.33-m32ut-150818p01_151020/bin/rsdk-linux-ld) supports shared libraries
configure:13337: result: yes
configure:13373: /opt/tools/rtl_9607Dbus/rsdk-4.8.5-5281-EB-3.18-u0.9.33-m32ut-150818p01_151020/bin/rsdk-linux-g++ -c -g -O2  conftest.cpp >&5
configure:13376: $? = 0
configure:13896: checking for /opt/tools/rtl_9607Dbus/rsdk-4.8.5-5281-EB-3.18-u0.9.33-m32ut-150818p01_151020/bin/rsdk-linux-g++ option to produce PIC
configure:13903: result: -fPIC -DPIC
configure:13911: checking if /opt/tools/rtl_9607Dbus/rsdk-4.8.5-5281-EB-3.18-u0.9.33-m32ut-150818p01_151020/bin/rsdk-linux-g++ PIC flag -fPIC -DPIC works
configure:13929: /opt/tools/rtl_9607Dbus/rsdk-4.8.5-5281-EB-3.18-u0.9.33-m32ut-150818p01_151020/bin/rsdk-linux-g++ -c -g -O2  -fPIC -DPIC -DPIC conftest.cpp >&5
configure:13933: $? = 0
configure:13946: result: yes
configure:13969: checking if /opt/tools/rtl_9607Dbus/rsdk-4.8.5-5281-EB-3.18-u0.9.33-m32ut-150818p01_151020/bin/rsdk-linux-g++ static flag -static works
configure:13997: result: yes
configure:14009: checking if /opt/tools/rtl_9607Dbus/rsdk-4.8.5-5281-EB-3.18-u0.9.33-m32ut-150818p01_151020/bin/rsdk-linux-g++ supports -c -o file.o
configure:14030: /opt/tools/rtl_9607Dbus/rsdk-4.8.5-5281-EB-3.18-u0.9.33-m32ut-150818p01_151020/bin/rsdk-linux-g++ -c -g -O2  -o out/conftest2.o conftest.cpp >&5
configure:14034: $? = 0
configure:14056: result: yes
configure:14061: checking if /opt/tools/rtl_9607Dbus/rsdk-4.8.5-5281-EB-3.18-u0.9.33-m32ut-150818p01_151020/bin/rsdk-linux-g++ supports -c -o file.o
configure:14108: result: yes
configure:14138: checking whether the /opt/tools/rtl_9607Dbus/rsdk-4.8.5-5281-EB-3.18-u0.9.33-m32ut-150818p01_151020/bin/rsdk-linux-g++ linker (/opt/tools/rtl_9607Dbus/rsdk-4.8.5-5281-EB-3.18-u0.9.33-m32ut-150818p01_151020/bin/rsdk-linux-ld) supports shared libraries
configure:14174: result: yes
configure:14315: checking dynamic linker characteristics
configure:14986: result: GNU/Linux ld.so
configure:15039: checking how to hardcode library paths into programs
configure:15064: result: immediate
configure:15126: checking for library containing strerror
configure:15157: /opt/tools/rtl_9607Dbus/rsdk-4.8.5-5281-EB-3.18-u0.9.33-m32ut-150818p01_151020/bin/rsdk-linux-gcc -o conftest -Os -D__LINUX__ -D__MIPS__ -DCPU_RTL -D__APPLICATION__ -DSTT_UNDERLYING_OS=AR_LINUX -D_GNU_SOURCE -DSTDC_HEADERS=1 -DHAVE_SYS_TYPES_H=1 -DHAVE_SYS_STAT_H=1 -DHAVE_STDLIB_H=1 -DHAVE_STRING_H=1 -DHAVE_MEMORY_H=1 -DHAVE_STRINGS_H=1 -DHAVE_INTTYPES_H=1 -DHAVE_STDINT_H=1 -DHAVE_UNISTD_H=1 -DHAVE_DLFCN_H=1 -DRV_THREAD_TYPE=RV_THREAD_POSIX -DRV_LOCK_TYPE=RV_LOCK_POSIX -DTAPI_V3 -Wall -D_BIG_ENDIAN -D_BYTE_ORDER=_BIG_ENDIAN -Wno-unused -Wno-implicit   conftest.c  >&5
configure:15157: $? = 0
configure:15174: result: none required
configure:15182: checking whether byte ordering is bigendian
configure:15197: /opt/tools/rtl_9607Dbus/rsdk-4.8.5-5281-EB-3.18-u0.9.33-m32ut-150818p01_151020/bin/rsdk-linux-gcc -c -Os -D__LINUX__ -D__MIPS__ -DCPU_RTL -D__APPLICATION__ -DSTT_UNDERLYING_OS=AR_LINUX -D_GNU_SOURCE -DSTDC_HEADERS=1 -DHAVE_SYS_TYPES_H=1 -DHAVE_SYS_STAT_H=1 -DHAVE_STDLIB_H=1 -DHAVE_STRING_H=1 -DHAVE_MEMORY_H=1 -DHAVE_STRINGS_H=1 -DHAVE_INTTYPES_H=1 -DHAVE_STDINT_H=1 -DHAVE_UNISTD_H=1 -DHAVE_DLFCN_H=1 -DRV_THREAD_TYPE=RV_THREAD_POSIX -DRV_LOCK_TYPE=RV_LOCK_POSIX -DTAPI_V3 -Wall -D_BIG_ENDIAN -D_BYTE_ORDER=_BIG_ENDIAN -Wno-unused -Wno-implicit  conftest.c >&5
conftest.c:24:9: error: unknown type name 'not'
         not a universal capable compiler
         ^
conftest.c:24:15: error: expected '=', ',', ';', 'asm' or '__attribute__' before 'universal'
         not a universal capable compiler
               ^
conftest.c:24:15: error: unknown type name 'universal'
configure:15197: $? = 1
configure: failed program was:
| /* confdefs.h */
| #define PACKAGE_NAME ""
| #define PACKAGE_TARNAME ""
| #define PACKAGE_VERSION ""
| #define PACKAGE_STRING ""
| #define PACKAGE_BUGREPORT ""
| #define PACKAGE_URL ""
| #define PACKAGE "wifidog"
| #define VERSION "1.3.0"
| #define STDC_HEADERS 1
| #define HAVE_SYS_TYPES_H 1
| #define HAVE_SYS_STAT_H 1
| #define HAVE_STDLIB_H 1
| #define HAVE_STRING_H 1
| #define HAVE_MEMORY_H 1
| #define HAVE_STRINGS_H 1
| #define HAVE_INTTYPES_H 1
| #define HAVE_STDINT_H 1
| #define HAVE_UNISTD_H 1
| #define HAVE_DLFCN_H 1
| #define LT_OBJDIR ".libs/"
| /* end confdefs.h.  */
| #ifndef __APPLE_CC__
| 	       not a universal capable compiler
| 	     #endif
| 	     typedef int dummy;
| 
configure:15242: /opt/tools/rtl_9607Dbus/rsdk-4.8.5-5281-EB-3.18-u0.9.33-m32ut-150818p01_151020/bin/rsdk-linux-gcc -c -Os -D__LINUX__ -D__MIPS__ -DCPU_RTL -D__APPLICATION__ -DSTT_UNDERLYING_OS=AR_LINUX -D_GNU_SOURCE -DSTDC_HEADERS=1 -DHAVE_SYS_TYPES_H=1 -DHAVE_SYS_STAT_H=1 -DHAVE_STDLIB_H=1 -DHAVE_STRING_H=1 -DHAVE_MEMORY_H=1 -DHAVE_STRINGS_H=1 -DHAVE_INTTYPES_H=1 -DHAVE_STDINT_H=1 -DHAVE_UNISTD_H=1 -DHAVE_DLFCN_H=1 -DRV_THREAD_TYPE=RV_THREAD_POSIX -DRV_LOCK_TYPE=RV_LOCK_POSIX -DTAPI_V3 -Wall -D_BIG_ENDIAN -D_BYTE_ORDER=_BIG_ENDIAN -Wno-unused -Wno-implicit  conftest.c >&5
configure:15242: $? = 0
configure:15260: /opt/tools/rtl_9607Dbus/rsdk-4.8.5-5281-EB-3.18-u0.9.33-m32ut-150818p01_151020/bin/rsdk-linux-gcc -c -Os -D__LINUX__ -D__MIPS__ -DCPU_RTL -D__APPLICATION__ -DSTT_UNDERLYING_OS=AR_LINUX -D_GNU_SOURCE -DSTDC_HEADERS=1 -DHAVE_SYS_TYPES_H=1 -DHAVE_SYS_STAT_H=1 -DHAVE_STDLIB_H=1 -DHAVE_STRING_H=1 -DHAVE_MEMORY_H=1 -DHAVE_STRINGS_H=1 -DHAVE_INTTYPES_H=1 -DHAVE_STDINT_H=1 -DHAVE_UNISTD_H=1 -DHAVE_DLFCN_H=1 -DRV_THREAD_TYPE=RV_THREAD_POSIX -DRV_LOCK_TYPE=RV_LOCK_POSIX -DTAPI_V3 -Wall -D_BIG_ENDIAN -D_BYTE_ORDER=_BIG_ENDIAN -Wno-unused -Wno-implicit  conftest.c >&5
configure:15260: $? = 0
configure:15388: result: yes
configure:15406: checking whether make sets $(MAKE)
configure:15428: result: yes
configure:15437: checking for ANSI C header files
configure:15541: result: yes
configure:15586: checking for doxygen
configure:15619: result: no
configure:15902: checking pthread.h usability
configure:15902: /opt/tools/rtl_9607Dbus/rsdk-4.8.5-5281-EB-3.18-u0.9.33-m32ut-150818p01_151020/bin/rsdk-linux-gcc -c -Os -D__LINUX__ -D__MIPS__ -DCPU_RTL -D__APPLICATION__ -DSTT_UNDERLYING_OS=AR_LINUX -D_GNU_SOURCE -DSTDC_HEADERS=1 -DHAVE_SYS_TYPES_H=1 -DHAVE_SYS_STAT_H=1 -DHAVE_STDLIB_H=1 -DHAVE_STRING_H=1 -DHAVE_MEMORY_H=1 -DHAVE_STRINGS_H=1 -DHAVE_INTTYPES_H=1 -DHAVE_STDINT_H=1 -DHAVE_UNISTD_H=1 -DHAVE_DLFCN_H=1 -DRV_THREAD_TYPE=RV_THREAD_POSIX -DRV_LOCK_TYPE=RV_LOCK_POSIX -DTAPI_V3 -Wall -D_BIG_ENDIAN -D_BYTE_ORDER=_BIG_ENDIAN -Wno-unused -Wno-implicit  conftest.c >&5
configure:15902: $? = 0
configure:15902: result: yes
configure:15902: checking pthread.h presence
configure:15902: /opt/tools/rtl_9607Dbus/rsdk-4.8.5-5281-EB-3.18-u0.9.33-m32ut-150818p01_151020/bin/rsdk-linux-cpp  conftest.c
configure:15902: $? = 0
configure:15902: result: yes
configure:15902: checking for pthread.h
configure:15902: result: yes
configure:15910: checking for pthread_create in -lpthread
configure:15935: /opt/tools/rtl_9607Dbus/rsdk-4.8.5-5281-EB-3.18-u0.9.33-m32ut-150818p01_151020/bin/rsdk-linux-gcc -o conftest -Os -D__LINUX__ -D__MIPS__ -DCPU_RTL -D__APPLICATION__ -DSTT_UNDERLYING_OS=AR_LINUX -D_GNU_SOURCE -DSTDC_HEADERS=1 -DHAVE_SYS_TYPES_H=1 -DHAVE_SYS_STAT_H=1 -DHAVE_STDLIB_H=1 -DHAVE_STRING_H=1 -DHAVE_MEMORY_H=1 -DHAVE_STRINGS_H=1 -DHAVE_INTTYPES_H=1 -DHAVE_STDINT_H=1 -DHAVE_UNISTD_H=1 -DHAVE_DLFCN_H=1 -DRV_THREAD_TYPE=RV_THREAD_POSIX -DRV_LOCK_TYPE=RV_LOCK_POSIX -DTAPI_V3 -Wall -D_BIG_ENDIAN -D_BYTE_ORDER=_BIG_ENDIAN -Wno-unused -Wno-implicit   conftest.c -lpthread   >&5
configure:15935: $? = 0
configure:15944: result: yes
configure:15963: checking for string.h
configure:15963: result: yes
configure:15963: checking for strings.h
configure:15963: result: yes
configure:15963: checking stdarg.h usability
configure:15963: /opt/tools/rtl_9607Dbus/rsdk-4.8.5-5281-EB-3.18-u0.9.33-m32ut-150818p01_151020/bin/rsdk-linux-gcc -c -Os -D__LINUX__ -D__MIPS__ -DCPU_RTL -D__APPLICATION__ -DSTT_UNDERLYING_OS=AR_LINUX -D_GNU_SOURCE -DSTDC_HEADERS=1 -DHAVE_SYS_TYPES_H=1 -DHAVE_SYS_STAT_H=1 -DHAVE_STDLIB_H=1 -DHAVE_STRING_H=1 -DHAVE_MEMORY_H=1 -DHAVE_STRINGS_H=1 -DHAVE_INTTYPES_H=1 -DHAVE_STDINT_H=1 -DHAVE_UNISTD_H=1 -DHAVE_DLFCN_H=1 -DRV_THREAD_TYPE=RV_THREAD_POSIX -DRV_LOCK_TYPE=RV_LOCK_POSIX -DTAPI_V3 -Wall -D_BIG_ENDIAN -D_BYTE_ORDER=_BIG_ENDIAN -Wno-unused -Wno-implicit  conftest.c >&5
configure:15963: $? = 0
configure:15963: result: yes
configure:15963: checking stdarg.h presence
configure:15963: /opt/tools/rtl_9607Dbus/rsdk-4.8.5-5281-EB-3.18-u0.9.33-m32ut-150818p01_151020/bin/rsdk-linux-cpp  conftest.c
configure:15963: $? = 0
configure:15963: result: yes
configure:15963: checking for stdarg.h
configure:15963: result: yes
configure:15963: checking for unistd.h
configure:15963: result: yes
configure:15973: checking for main in -lsocket
configure:15992: /opt/tools/rtl_9607Dbus/rsdk-4.8.5-5281-EB-3.18-u0.9.33-m32ut-150818p01_151020/bin/rsdk-linux-gcc -o conftest -Os -D__LINUX__ -D__MIPS__ -DCPU_RTL -D__APPLICATION__ -DSTT_UNDERLYING_OS=AR_LINUX -D_GNU_SOURCE -DSTDC_HEADERS=1 -DHAVE_SYS_TYPES_H=1 -DHAVE_SYS_STAT_H=1 -DHAVE_STDLIB_H=1 -DHAVE_STRING_H=1 -DHAVE_MEMORY_H=1 -DHAVE_STRINGS_H=1 -DHAVE_INTTYPES_H=1 -DHAVE_STDINT_H=1 -DHAVE_UNISTD_H=1 -DHAVE_DLFCN_H=1 -DRV_THREAD_TYPE=RV_THREAD_POSIX -DRV_LOCK_TYPE=RV_LOCK_POSIX -DTAPI_V3 -Wall -D_BIG_ENDIAN -D_BYTE_ORDER=_BIG_ENDIAN -Wno-unused -Wno-implicit   conftest.c -lsocket  -lpthread  >&5
/opt/tools/rtl_9607Dbus/rsdk-4.8.5-5281-EB-3.18-u0.9.33-m32ut-150818p01_151020/bin/../lib/gcc/mips-linux-uclibc/4.8.5/../../../../mips-linux-uclibc/bin/ld: cannot find -lsocket
collect2: error: ld returned 1 exit status
configure:15992: $? = 1
configure: failed program was:
| /* confdefs.h */
| #define PACKAGE_NAME ""
| #define PACKAGE_TARNAME ""
| #define PACKAGE_VERSION ""
| #define PACKAGE_STRING ""
| #define PACKAGE_BUGREPORT ""
| #define PACKAGE_URL ""
| #define PACKAGE "wifidog"
| #define VERSION "1.3.0"
| #define STDC_HEADERS 1
| #define HAVE_SYS_TYPES_H 1
| #define HAVE_SYS_STAT_H 1
| #define HAVE_STDLIB_H 1
| #define HAVE_STRING_H 1
| #define HAVE_MEMORY_H 1
| #define HAVE_STRINGS_H 1
| #define HAVE_INTTYPES_H 1
| #define HAVE_STDINT_H 1
| #define HAVE_UNISTD_H 1
| #define HAVE_DLFCN_H 1
| #define LT_OBJDIR ".libs/"
| #define WORDS_BIGENDIAN 1
| #define STDC_HEADERS 1
| #define HAVE_LIBPTHREAD 1
| #define HAVE_STRING_H 1
| #define HAVE_STRINGS_H 1
| #define HAVE_STDARG_H 1
| #define HAVE_UNISTD_H 1
| /* end confdefs.h.  */
| 
| 
| int
| main ()
| {
| return main ();
|   ;
|   return 0;
| }
configure:16001: result: no
configure:16013: checking for main in -lnsl
configure:16032: /opt/tools/rtl_9607Dbus/rsdk-4.8.5-5281-EB-3.18-u0.9.33-m32ut-150818p01_151020/bin/rsdk-linux-gcc -o conftest -Os -D__LINUX__ -D__MIPS__ -DCPU_RTL -D__APPLICATION__ -DSTT_UNDERLYING_OS=AR_LINUX -D_GNU_SOURCE -DSTDC_HEADERS=1 -DHAVE_SYS_TYPES_H=1 -DHAVE_SYS_STAT_H=1 -DHAVE_STDLIB_H=1 -DHAVE_STRING_H=1 -DHAVE_MEMORY_H=1 -DHAVE_STRINGS_H=1 -DHAVE_INTTYPES_H=1 -DHAVE_STDINT_H=1 -DHAVE_UNISTD_H=1 -DHAVE_DLFCN_H=1 -DRV_THREAD_TYPE=RV_THREAD_POSIX -DRV_LOCK_TYPE=RV_LOCK_POSIX -DTAPI_V3 -Wall -D_BIG_ENDIAN -D_BYTE_ORDER=_BIG_ENDIAN -Wno-unused -Wno-implicit   conftest.c -lnsl  -lpthread  >&5
configure:16032: $? = 0
configure:16041: result: yes
configure:16165: checking that generated files are newer than configure
configure:16171: result: done
configure:16211: creating ./config.status

## ---------------------- ##
## Running config.status. ##
## ---------------------- ##

This file was extended by config.status, which was
generated by GNU Autoconf 2.69.  Invocation command line was

  CONFIG_FILES    = 
  CONFIG_HEADERS  = 
  CONFIG_LINKS    = 
  CONFIG_COMMANDS = 
  $ ./config.status 

on LwwCodeVPC

config.status:1176: creating Makefile
config.status:1176: creating wifidog.spec
config.status:1176: creating wifidog-msg.html
config.status:1176: creating src/Makefile
config.status:1176: creating libhttpd/Makefile
config.status:1176: creating doc/Makefile
config.status:1176: creating config.h
config.status:1357: config.h is unchanged
config.status:1405: executing depfiles commands
config.status:1405: executing libtool commands

## ---------------- ##
## Cache variables. ##
## ---------------- ##

ac_cv_build=x86_64-unknown-linux-uclibc
ac_cv_c_bigendian=yes
ac_cv_c_compiler_gnu=yes
ac_cv_cxx_compiler_gnu=yes
ac_cv_env_CCC_set=
ac_cv_env_CCC_value=
ac_cv_env_CC_set=set
ac_cv_env_CC_value=/opt/tools/rtl_9607Dbus/rsdk-4.8.5-5281-EB-3.18-u0.9.33-m32ut-150818p01_151020/bin/rsdk-linux-gcc
ac_cv_env_CFLAGS_set=set
ac_cv_env_CFLAGS_value='-Os -D__LINUX__ -D__MIPS__ -DCPU_RTL -D__APPLICATION__ -DSTT_UNDERLYING_OS=AR_LINUX -D_GNU_SOURCE -DSTDC_HEADERS=1 -DHAVE_SYS_TYPES_H=1 -DHAVE_SYS_STAT_H=1 -DHAVE_STDLIB_H=1 -DHAVE_STRING_H=1 -DHAVE_MEMORY_H=1 -DHAVE_STRINGS_H=1 -DHAVE_INTTYPES_H=1 -DHAVE_STDINT_H=1 -DHAVE_UNISTD_H=1 -DHAVE_DLFCN_H=1 -DRV_THREAD_TYPE=RV_THREAD_POSIX -DRV_LOCK_TYPE=RV_LOCK_POSIX -DTAPI_V3 -Wall -D_BIG_ENDIAN -D_BYTE_ORDER=_BIG_ENDIAN -Wno-unused -Wno-implicit'
ac_cv_env_CPPFLAGS_set=
ac_cv_env_CPPFLAGS_value=
ac_cv_env_CPP_set=set
ac_cv_env_CPP_value=/opt/tools/rtl_9607Dbus/rsdk-4.8.5-5281-EB-3.18-u0.9.33-m32ut-150818p01_151020/bin/rsdk-linux-cpp
ac_cv_env_CXXCPP_set=
ac_cv_env_CXXCPP_value=
ac_cv_env_CXXFLAGS_set=
ac_cv_env_CXXFLAGS_value=
ac_cv_env_CXX_set=set
ac_cv_env_CXX_value=/opt/tools/rtl_9607Dbus/rsdk-4.8.5-5281-EB-3.18-u0.9.33-m32ut-150818p01_151020/bin/rsdk-linux-g++
ac_cv_env_LDFLAGS_set=
ac_cv_env_LDFLAGS_value=
ac_cv_env_LIBS_set=
ac_cv_env_LIBS_value=
ac_cv_env_build_alias_set=
ac_cv_env_build_alias_value=
ac_cv_env_host_alias_set=set
ac_cv_env_host_alias_value=mips-linux
ac_cv_env_target_alias_set=set
ac_cv_env_target_alias_value=mips-linux
ac_cv_func_dlopen=no
ac_cv_func_shl_load=no
ac_cv_header_dlfcn_h=yes
ac_cv_header_inttypes_h=yes
ac_cv_header_memory_h=yes
ac_cv_header_pthread_h=yes
ac_cv_header_stdarg_h=yes
ac_cv_header_stdc=yes
ac_cv_header_stdint_h=yes
ac_cv_header_stdlib_h=yes
ac_cv_header_string_h=yes
ac_cv_header_strings_h=yes
ac_cv_header_sys_stat_h=yes
ac_cv_header_sys_types_h=yes
ac_cv_header_unistd_h=yes
ac_cv_host=mips-unknown-linux-gnu
ac_cv_lib_dl_dlopen=yes
ac_cv_lib_dld_shl_load=no
ac_cv_lib_nsl=ac_cv_lib_nsl_main
ac_cv_lib_nsl_main=yes
ac_cv_lib_pthread_pthread_create=yes
ac_cv_lib_socket=ac_cv_lib_socket_main
ac_cv_lib_socket_main=no
ac_cv_objext=o
ac_cv_path_EGREP='/bin/grep -E'
ac_cv_path_FGREP='/bin/grep -F'
ac_cv_path_GREP=/bin/grep
ac_cv_path_SED=/usr/bin/sed
ac_cv_path_install='/usr/bin/install -c'
ac_cv_path_mkdir=/bin/mkdir
ac_cv_prog_AR=/opt/tools/rtl_9607Dbus/rsdk-4.8.5-5281-EB-3.18-u0.9.33-m32ut-150818p01_151020/bin/rsdk-linux-ar
ac_cv_prog_AWK=gawk
ac_cv_prog_CC=/opt/tools/rtl_9607Dbus/rsdk-4.8.5-5281-EB-3.18-u0.9.33-m32ut-150818p01_151020/bin/rsdk-linux-gcc
ac_cv_prog_CPP=/opt/tools/rtl_9607Dbus/rsdk-4.8.5-5281-EB-3.18-u0.9.33-m32ut-150818p01_151020/bin/rsdk-linux-cpp
ac_cv_prog_CXXCPP='/opt/tools/rtl_9607Dbus/rsdk-4.8.5-5281-EB-3.18-u0.9.33-m32ut-150818p01_151020/bin/rsdk-linux-g++ -E'
ac_cv_prog_OBJDUMP=/opt/tools/rtl_9607Dbus/rsdk-4.8.5-5281-EB-3.18-u0.9.33-m32ut-150818p01_151020/bin/rsdk-linux-objdump
ac_cv_prog_RANLIB=/opt/tools/rtl_9607Dbus/rsdk-4.8.5-5281-EB-3.18-u0.9.33-m32ut-150818p01_151020/bin/rsdk-linux-ranlib
ac_cv_prog_STRIP=/opt/tools/rtl_9607Dbus/rsdk-4.8.5-5281-EB-3.18-u0.9.33-m32ut-150818p01_151020/bin/rsdk-linux-strip
ac_cv_prog_ac_ct_MANIFEST_TOOL=mt
ac_cv_prog_cc_c89=
ac_cv_prog_cc_g=yes
ac_cv_prog_cxx_g=yes
ac_cv_prog_make_make_set=yes
ac_cv_search_strerror='none required'
am_cv_CC_dependencies_compiler_type=gcc3
am_cv_CXX_dependencies_compiler_type=gcc3
am_cv_make_support_nested_variables=yes
lt_cv_ar_at_file=@
lt_cv_archive_cmds_need_lc=no
lt_cv_deplibs_check_method=pass_all
lt_cv_dlopen=dlopen
lt_cv_dlopen_libs=-ldl
lt_cv_dlopen_self=cross
lt_cv_file_magic_cmd='$MAGIC_CMD'
lt_cv_file_magic_test_file=
lt_cv_ld_reload_flag=-r
lt_cv_nm_interface='BSD nm'
lt_cv_objdir=.libs
lt_cv_path_LD=/opt/tools/rtl_9607Dbus/rsdk-4.8.5-5281-EB-3.18-u0.9.33-m32ut-150818p01_151020/bin/rsdk-linux-ld
lt_cv_path_LDCXX=/opt/tools/rtl_9607Dbus/rsdk-4.8.5-5281-EB-3.18-u0.9.33-m32ut-150818p01_151020/bin/rsdk-linux-ld
lt_cv_path_NM=/opt/tools/rtl_9607Dbus/rsdk-4.8.5-5281-EB-3.18-u0.9.33-m32ut-150818p01_151020/bin/rsdk-linux-nm
lt_cv_path_mainfest_tool=no
lt_cv_prog_compiler_c_o=yes
lt_cv_prog_compiler_c_o_CXX=yes
lt_cv_prog_compiler_pic='-fPIC -DPIC'
lt_cv_prog_compiler_pic_CXX='-fPIC -DPIC'
lt_cv_prog_compiler_pic_works=yes
lt_cv_prog_compiler_pic_works_CXX=yes
lt_cv_prog_compiler_rtti_exceptions=no
lt_cv_prog_compiler_static_works=yes
lt_cv_prog_compiler_static_works_CXX=yes
lt_cv_prog_gnu_ld=yes
lt_cv_prog_gnu_ldcxx=yes
lt_cv_sharedlib_from_linklib_cmd='printf %s\n'
lt_cv_shlibpath_overrides_runpath=no
lt_cv_sys_global_symbol_pipe='sed -n -e '\''s/^.*[	 ]\([ABCDGIRSTW][ABCDGIRSTW]*\)[	 ][	 ]*\([_A-Za-z][_A-Za-z0-9]*\)$/\1 \2 \2/p'\'' | sed '\''/ __gnu_lto/d'\'''
lt_cv_sys_global_symbol_to_c_name_address='sed -n -e '\''s/^: \([^ ]*\)[ ]*$/  {\"\1\", (void *) 0},/p'\'' -e '\''s/^[ABCDGIRSTW]* \([^ ]*\) \([^ ]*\)$/  {"\2", (void *) \&\2},/p'\'''
lt_cv_sys_global_symbol_to_c_name_address_lib_prefix='sed -n -e '\''s/^: \([^ ]*\)[ ]*$/  {\"\1\", (void *) 0},/p'\'' -e '\''s/^[ABCDGIRSTW]* \([^ ]*\) \(lib[^ ]*\)$/  {"\2", (void *) \&\2},/p'\'' -e '\''s/^[ABCDGIRSTW]* \([^ ]*\) \([^ ]*\)$/  {"lib\2", (void *) \&\2},/p'\'''
lt_cv_sys_global_symbol_to_cdecl='sed -n -e '\''s/^T .* \(.*\)$/extern int \1();/p'\'' -e '\''s/^[ABCDGIRSTW]* .* \(.*\)$/extern char \1;/p'\'''
lt_cv_sys_max_cmd_len=3458764513820540925
lt_cv_to_host_file_cmd=func_convert_file_noop
lt_cv_to_tool_file_cmd=func_convert_file_noop

## ----------------- ##
## Output variables. ##
## ----------------- ##

ACLOCAL='${SHELL} /home/lww/work/cig-code/enterprise-hgu/gpon/xijiang/src/trd/public/libs/wifidog/src/config/missing aclocal-1.13'
AMDEPBACKSLASH='\'
AMDEP_FALSE='#'
AMDEP_TRUE=''
AMTAR='$${TAR-tar}'
AM_BACKSLASH='\'
AM_DEFAULT_V='$(AM_DEFAULT_VERBOSITY)'
AM_DEFAULT_VERBOSITY='1'
AM_V='$(V)'
AR='/opt/tools/rtl_9607Dbus/rsdk-4.8.5-5281-EB-3.18-u0.9.33-m32ut-150818p01_151020/bin/rsdk-linux-ar'
AUTOCONF='${SHELL} /home/lww/work/cig-code/enterprise-hgu/gpon/xijiang/src/trd/public/libs/wifidog/src/config/missing autoconf'
AUTOHEADER='${SHELL} /home/lww/work/cig-code/enterprise-hgu/gpon/xijiang/src/trd/public/libs/wifidog/src/config/missing autoheader'
AUTOMAKE='${SHELL} /home/lww/work/cig-code/enterprise-hgu/gpon/xijiang/src/trd/public/libs/wifidog/src/config/missing automake-1.13'
AWK='gawk'
BUILDROOT=''
CC='/opt/tools/rtl_9607Dbus/rsdk-4.8.5-5281-EB-3.18-u0.9.33-m32ut-150818p01_151020/bin/rsdk-linux-gcc'
CCDEPMODE='depmode=gcc3'
CFLAGS='-Os -D__LINUX__ -D__MIPS__ -DCPU_RTL -D__APPLICATION__ -DSTT_UNDERLYING_OS=AR_LINUX -D_GNU_SOURCE -DSTDC_HEADERS=1 -DHAVE_SYS_TYPES_H=1 -DHAVE_SYS_STAT_H=1 -DHAVE_STDLIB_H=1 -DHAVE_STRING_H=1 -DHAVE_MEMORY_H=1 -DHAVE_STRINGS_H=1 -DHAVE_INTTYPES_H=1 -DHAVE_STDINT_H=1 -DHAVE_UNISTD_H=1 -DHAVE_DLFCN_H=1 -DRV_THREAD_TYPE=RV_THREAD_POSIX -DRV_LOCK_TYPE=RV_LOCK_POSIX -DTAPI_V3 -Wall -D_BIG_ENDIAN -D_BYTE_ORDER=_BIG_ENDIAN -Wno-unused -Wno-implicit'
CPP='/opt/tools/rtl_9607Dbus/rsdk-4.8.5-5281-EB-3.18-u0.9.33-m32ut-150818p01_151020/bin/rsdk-linux-cpp'
CPPFLAGS=''
CXX='/opt/tools/rtl_9607Dbus/rsdk-4.8.5-5281-EB-3.18-u0.9.33-m32ut-150818p01_151020/bin/rsdk-linux-g++'
CXXCPP='/opt/tools/rtl_9607Dbus/rsdk-4.8.5-5281-EB-3.18-u0.9.33-m32ut-150818p01_151020/bin/rsdk-linux-g++ -E'
CXXDEPMODE='depmode=gcc3'
CXXFLAGS='-g -O2'
CYGPATH_W='echo'
DEFS='-DHAVE_CONFIG_H'
DEPDIR='.deps'
DLLTOOL='false'
DOC_FALSE=''
DOC_TRUE='#'
DOT=''
DOXYGEN=''
DSYMUTIL=''
DUMPBIN=''
ECHO_C=''
ECHO_N='-n'
ECHO_T=''
EGREP='/bin/grep -E'
ENABLE_DOXYGEN_FALSE=''
ENABLE_DOXYGEN_TRUE='#'
EXEEXT=''
FGREP='/bin/grep -F'
GREP='/bin/grep'
INSTALL_DATA='${INSTALL} -m 644'
INSTALL_PROGRAM='${INSTALL}'
INSTALL_SCRIPT='${INSTALL}'
INSTALL_STRIP_PROGRAM='$(install_sh) -c -s'
LD='/opt/tools/rtl_9607Dbus/rsdk-4.8.5-5281-EB-3.18-u0.9.33-m32ut-150818p01_151020/bin/rsdk-linux-ld'
LDFLAGS=''
LIBOBJS=''
LIBS='-lnsl -lpthread '
LIBTOOL='$(SHELL) $(top_builddir)/libtool'
LIPO=''
LN_S='ln -s'
LTLIBOBJS=''
MAINT='#'
MAINTAINER_MODE_FALSE=''
MAINTAINER_MODE_TRUE='#'
MAKEINFO='${SHELL} /home/lww/work/cig-code/enterprise-hgu/gpon/xijiang/src/trd/public/libs/wifidog/src/config/missing makeinfo'
MANIFEST_TOOL=':'
MKDIR_P='/bin/mkdir -p'
NM='/opt/tools/rtl_9607Dbus/rsdk-4.8.5-5281-EB-3.18-u0.9.33-m32ut-150818p01_151020/bin/rsdk-linux-nm'
NMEDIT=''
OBJDUMP='/opt/tools/rtl_9607Dbus/rsdk-4.8.5-5281-EB-3.18-u0.9.33-m32ut-150818p01_151020/bin/rsdk-linux-objdump'
OBJEXT='o'
OTOOL64=''
OTOOL=''
PACKAGE='wifidog'
PACKAGE_BUGREPORT=''
PACKAGE_NAME=''
PACKAGE_STRING=''
PACKAGE_TARNAME=''
PACKAGE_URL=''
PACKAGE_VERSION=''
PATH_SEPARATOR=':'
RANLIB='/opt/tools/rtl_9607Dbus/rsdk-4.8.5-5281-EB-3.18-u0.9.33-m32ut-150818p01_151020/bin/rsdk-linux-ranlib'
SED='/usr/bin/sed'
SET_MAKE=''
SHELL='/bin/sh'
STRIP='/opt/tools/rtl_9607Dbus/rsdk-4.8.5-5281-EB-3.18-u0.9.33-m32ut-150818p01_151020/bin/rsdk-linux-strip'
VERSION='1.3.0'
WIFIDOG_MAJOR_VERSION='1'
WIFIDOG_MICRO_VERSION='0'
WIFIDOG_MINOR_VERSION='3'
WIFIDOG_VERSION='1.3.0'
ac_ct_AR=''
ac_ct_CC=''
ac_ct_CXX=''
ac_ct_DUMPBIN=''
am__EXEEXT_FALSE=''
am__EXEEXT_TRUE='#'
am__fastdepCC_FALSE='#'
am__fastdepCC_TRUE=''
am__fastdepCXX_FALSE='#'
am__fastdepCXX_TRUE=''
am__include='include'
am__isrc=''
am__leading_dot='.'
am__nodep='_no'
am__quote=''
am__tar='$${TAR-tar} chof - "$$tardir"'
am__untar='$${TAR-tar} xf -'
bindir='${exec_prefix}/bin'
build='x86_64-unknown-linux-uclibc'
build_alias=''
build_cpu='x86_64'
build_os='linux-uclibc'
build_vendor='unknown'
datadir='${datarootdir}'
datarootdir='${prefix}/share'
docdir='${datarootdir}/doc/${PACKAGE}'
dvidir='${docdir}'
enable_dot='no'
enable_html_docs='yes'
enable_latex_docs='no'
exec_prefix='${prefix}'
host='mips-unknown-linux-gnu'
host_alias='mips-linux'
host_cpu='mips'
host_os='linux-gnu'
host_vendor='unknown'
htmldir='${docdir}'
includedir='${prefix}/include'
infodir='${datarootdir}/info'
install_sh='${SHELL} /home/lww/work/cig-code/enterprise-hgu/gpon/xijiang/src/trd/public/libs/wifidog/src/config/install-sh'
libdir='${exec_prefix}/lib'
libexecdir='${exec_prefix}/libexec'
localedir='${datarootdir}/locale'
localstatedir='${prefix}/var'
mandir='${datarootdir}/man'
mkdir_p='$(MKDIR_P)'
oldincludedir='/usr/include'
pdfdir='${docdir}'
prefix='/home/lww/work/cig-code/enterprise-hgu/gpon/xijiang/fs/rootfs'
program_transform_name='s,x,x,'
psdir='${docdir}'
sbindir='${exec_prefix}/sbin'
sharedstatedir='${prefix}/com'
sysconfdir='${prefix}/etc'
target_alias='mips-linux'

## ----------- ##
## confdefs.h. ##
## ----------- ##

/* confdefs.h */
#define PACKAGE_NAME ""
#define PACKAGE_TARNAME ""
#define PACKAGE_VERSION ""
#define PACKAGE_STRING ""
#define PACKAGE_BUGREPORT ""
#define PACKAGE_URL ""
#define PACKAGE "wifidog"
#define VERSION "1.3.0"
#define STDC_HEADERS 1
#define HAVE_SYS_TYPES_H 1
#define HAVE_SYS_STAT_H 1
#define HAVE_STDLIB_H 1
#define HAVE_STRING_H 1
#define HAVE_MEMORY_H 1
#define HAVE_STRINGS_H 1
#define HAVE_INTTYPES_H 1
#define HAVE_STDINT_H 1
#define HAVE_UNISTD_H 1
#define HAVE_DLFCN_H 1
#define LT_OBJDIR ".libs/"
#define WORDS_BIGENDIAN 1
#define STDC_HEADERS 1
#define HAVE_LIBPTHREAD 1
#define HAVE_STRING_H 1
#define HAVE_STRINGS_H 1
#define HAVE_STDARG_H 1
#define HAVE_UNISTD_H 1
#define HAVE_LIBNSL 1

configure: exit 0
